This file contains any messages produced by compilers while
running configure, to aid debugging if configure makes a mistake.

It was created by ksquirrel-libs configure 0.5.0-pre4, which was
generated by GNU Autoconf 2.59.  Invocation command line was

  $ ./configure --libdir=/usr/lib/squirrel/

## --------- ##
## Platform. ##
## --------- ##

hostname = localhost
uname -m = i686
uname -r = 2.6.3-7mdk
uname -s = Linux
uname -v = #1 Wed Mar 17 15:56:42 CET 2004

/usr/bin/uname -p = unknown
/bin/uname -X     = unknown

/bin/arch              = i686
/usr/bin/arch -k       = unknown
/usr/convex/getsysinfo = unknown
hostinfo               = unknown
/bin/machine           = unknown
/usr/bin/oslevel       = unknown
/bin/universe          = unknown

PATH: /usr/bin
PATH: /bin
PATH: /usr/bin
PATH: /usr/local/bin
PATH: /usr/X11R6/bin/
PATH: /usr/games
PATH: /home/ckult/bin
PATH: /opt/j2sdk1.4.1_05/bin


## ----------- ##
## Core tests. ##
## ----------- ##

configure:1567: checking build system type
configure:1585: result: i686-pc-linux-gnu
configure:1593: checking host system type
configure:1607: result: i686-pc-linux-gnu
configure:1615: checking target system type
configure:1629: result: i686-pc-linux-gnu
configure:1676: checking for a BSD-compatible install
configure:1731: result: /usr/bin/install -c
configure:1746: checking for -p flag to install
configure:1759: result: yes
configure:1770: checking whether build environment is sane
configure:1813: result: yes
configure:1857: checking for gawk
configure:1873: found /usr/bin/gawk
configure:1883: result: gawk
configure:1893: checking whether make sets $(MAKE)
configure:1913: result: yes
configure:2090: checking for style of include used by make
configure:2118: result: GNU
configure:2265: checking for gcc
configure:2281: found /usr/bin/gcc
configure:2291: result: gcc
configure:2535: checking for C compiler version
configure:2538: gcc --version </dev/null >&5
gcc (GCC) 3.3.2 (Mandrake Linux 10.0 3.3.2-6mdk)
Copyright (C) 2003 Free Software Foundation, Inc.
This is free software; see the source for copying conditions.  There is NO
warranty; not even for MERCHANTABILITY or FITNESS FOR A PARTICULAR PURPOSE.

configure:2541: $? = 0
configure:2543: gcc -v </dev/null >&5
Reading specs from /usr/lib/gcc-lib/i586-mandrake-linux-gnu/3.3.2/specs
Configured with: ../configure --prefix=/usr --libdir=/usr/lib --with-slibdir=/lib --mandir=/usr/share/man --infodir=/usr/share/info --enable-shared --enable-threads=posix --disable-checking --enable-long-long --enable-__cxa_atexit --enable-clocale=gnu --enable-languages=c,c++,ada,f77,objc,java,pascal --host=i586-mandrake-linux-gnu --with-system-zlib
Thread model: posix
gcc version 3.3.2 (Mandrake Linux 10.0 3.3.2-6mdk)
configure:2546: $? = 0
configure:2548: gcc -V </dev/null >&5
gcc: `-V' option must have argument
configure:2551: $? = 1
configure:2574: checking for C compiler default output file name
configure:2577: gcc     conftest.c  >&5
configure:2580: $? = 0
configure:2626: result: a.out
configure:2631: checking whether the C compiler works
configure:2637: ./a.out
configure:2640: $? = 0
configure:2657: result: yes
configure:2664: checking whether we are cross compiling
configure:2666: result: no
configure:2669: checking for suffix of executables
configure:2671: gcc -o conftest     conftest.c  >&5
configure:2674: $? = 0
configure:2699: result: 
configure:2705: checking for suffix of object files
configure:2726: gcc -c    conftest.c >&5
configure:2729: $? = 0
configure:2751: result: o
configure:2755: checking whether we are using the GNU C compiler
configure:2779: gcc -c    conftest.c >&5
configure:2785: $? = 0
configure:2789: test -z 
			 || test ! -s conftest.err
configure:2792: $? = 0
configure:2795: test -s conftest.o
configure:2798: $? = 0
configure:2811: result: yes
configure:2817: checking whether gcc accepts -g
configure:2838: gcc -c -g  conftest.c >&5
configure:2844: $? = 0
configure:2848: test -z 
			 || test ! -s conftest.err
configure:2851: $? = 0
configure:2854: test -s conftest.o
configure:2857: $? = 0
configure:2868: result: yes
configure:2885: checking for gcc option to accept ANSI C
configure:2955: gcc  -c    conftest.c >&5
configure:2961: $? = 0
configure:2965: test -z 
			 || test ! -s conftest.err
configure:2968: $? = 0
configure:2971: test -s conftest.o
configure:2974: $? = 0
configure:2992: result: none needed
configure:3010: gcc -c    conftest.c >&5
conftest.c:2: error: parse error before "me"
configure:3016: $? = 1
configure: failed program was:
| #ifndef __cplusplus
|   choke me
| #endif
configure:3151: checking dependency style of gcc
configure:3241: result: gcc3
configure:3264: checking how to run the C preprocessor
configure:3299: gcc -E  conftest.c
configure:3305: $? = 0
configure:3337: gcc -E  conftest.c
conftest.c:12:28: ac_nonexistent.h: No such file or directory
configure:3343: $? = 1
configure: failed program was:
| /* confdefs.h.  */
| 
| #define PACKAGE_NAME "ksquirrel-libs"
| #define PACKAGE_TARNAME "ksquirrel-libs"
| #define PACKAGE_VERSION "0.5.0-pre4"
| #define PACKAGE_STRING "ksquirrel-libs 0.5.0-pre4"
| #define PACKAGE_BUGREPORT "ksquirrel@tut.by"
| #define _GNU_SOURCE 1
| #define PACKAGE "ksquirrel-libs"
| #define VERSION "0.5.0-pre4"
| /* end confdefs.h.  */
| #include <ac_nonexistent.h>
configure:3382: result: gcc -E
configure:3406: gcc -E  conftest.c
configure:3412: $? = 0
configure:3444: gcc -E  conftest.c
conftest.c:12:28: ac_nonexistent.h: No such file or directory
configure:3450: $? = 1
configure: failed program was:
| /* confdefs.h.  */
| 
| #define PACKAGE_NAME "ksquirrel-libs"
| #define PACKAGE_TARNAME "ksquirrel-libs"
| #define PACKAGE_VERSION "0.5.0-pre4"
| #define PACKAGE_STRING "ksquirrel-libs 0.5.0-pre4"
| #define PACKAGE_BUGREPORT "ksquirrel@tut.by"
| #define _GNU_SOURCE 1
| #define PACKAGE "ksquirrel-libs"
| #define VERSION "0.5.0-pre4"
| /* end confdefs.h.  */
| #include <ac_nonexistent.h>
configure:3574: checking for g++
configure:3590: found /usr/bin/g++
configure:3600: result: g++
configure:3616: checking for C++ compiler version
configure:3619: g++ --version </dev/null >&5
g++ (GCC) 3.3.2 (Mandrake Linux 10.0 3.3.2-6mdk)
Copyright (C) 2003 Free Software Foundation, Inc.
This is free software; see the source for copying conditions.  There is NO
warranty; not even for MERCHANTABILITY or FITNESS FOR A PARTICULAR PURPOSE.

configure:3622: $? = 0
configure:3624: g++ -v </dev/null >&5
Reading specs from /usr/lib/gcc-lib/i586-mandrake-linux-gnu/3.3.2/specs
Configured with: ../configure --prefix=/usr --libdir=/usr/lib --with-slibdir=/lib --mandir=/usr/share/man --infodir=/usr/share/info --enable-shared --enable-threads=posix --disable-checking --enable-long-long --enable-__cxa_atexit --enable-clocale=gnu --enable-languages=c,c++,ada,f77,objc,java,pascal --host=i586-mandrake-linux-gnu --with-system-zlib
Thread model: posix
gcc version 3.3.2 (Mandrake Linux 10.0 3.3.2-6mdk)
configure:3627: $? = 0
configure:3629: g++ -V </dev/null >&5
g++: `-V' option must have argument
configure:3632: $? = 1
configure:3635: checking whether we are using the GNU C++ compiler
configure:3659: g++ -c    conftest.cc >&5
configure:3665: $? = 0
configure:3669: test -z 
			 || test ! -s conftest.err
configure:3672: $? = 0
configure:3675: test -s conftest.o
configure:3678: $? = 0
configure:3691: result: yes
configure:3697: checking whether g++ accepts -g
configure:3718: g++ -c -g  conftest.cc >&5
configure:3724: $? = 0
configure:3728: test -z 
			 || test ! -s conftest.err
configure:3731: $? = 0
configure:3734: test -s conftest.o
configure:3737: $? = 0
configure:3748: result: yes
configure:3790: g++ -c    conftest.cc >&5
configure:3796: $? = 0
configure:3800: test -z 
			 || test ! -s conftest.err
configure:3803: $? = 0
configure:3806: test -s conftest.o
configure:3809: $? = 0
configure:3835: g++ -c    conftest.cc >&5
conftest.cc: In function `int main()':
conftest.cc:16: error: `exit' undeclared (first use this function)
conftest.cc:16: error: (Each undeclared identifier is reported only once for each function it appears in.)
configure:3841: $? = 1
configure: failed program was:
| /* confdefs.h.  */
| 
| #define PACKAGE_NAME "ksquirrel-libs"
| #define PACKAGE_TARNAME "ksquirrel-libs"
| #define PACKAGE_VERSION "0.5.0-pre4"
| #define PACKAGE_STRING "ksquirrel-libs 0.5.0-pre4"
| #define PACKAGE_BUGREPORT "ksquirrel@tut.by"
| #define _GNU_SOURCE 1
| #define PACKAGE "ksquirrel-libs"
| #define VERSION "0.5.0-pre4"
| /* end confdefs.h.  */
| 
| int
| main ()
| {
| exit (42);
|   ;
|   return 0;
| }
configure:3790: g++ -c    conftest.cc >&5
configure:3796: $? = 0
configure:3800: test -z 
			 || test ! -s conftest.err
configure:3803: $? = 0
configure:3806: test -s conftest.o
configure:3809: $? = 0
configure:3835: g++ -c    conftest.cc >&5
configure:3841: $? = 0
configure:3845: test -z 
			 || test ! -s conftest.err
configure:3848: $? = 0
configure:3851: test -s conftest.o
configure:3854: $? = 0
configure:3879: checking dependency style of g++
configure:3969: result: gcc3
configure:4292: checking whether g++ supports -Wmissing-format-attribute
configure:4328: rm -rf SunWS_cache; g++ -o conftest -ansi -D_XOPEN_SOURCE=500 -D_BSD_SOURCE -Wcast-align -Wconversion -Wchar-subscripts -O2   -Wmissing-format-attribute   conftest.cc  1>&5
cc1plus: warning: -Wmissing-format-attribute ignored without -Wformat
configure:4334: $? = 0
configure:4338: test -z 
			 || test ! -s conftest.err
configure:4341: $? = 0
configure:4344: test -s conftest
configure:4347: $? = 0
configure:4368: result: yes
configure:4383: checking whether g++ supports -Wundef
configure:4419: rm -rf SunWS_cache; g++ -o conftest -Wall -W -Wpointer-arith -Wwrite-strings -ansi -D_XOPEN_SOURCE=500 -D_BSD_SOURCE -Wcast-align -Wconversion -Wchar-subscripts -O2   -Wformat-security -Wmissing-format-attribute -Wundef   conftest.cc  1>&5
configure:4425: $? = 0
configure:4429: test -z 
			 || test ! -s conftest.err
configure:4432: $? = 0
configure:4435: test -s conftest
configure:4438: $? = 0
configure:4459: result: yes
configure:4471: checking whether g++ supports -Wno-long-long
configure:4507: rm -rf SunWS_cache; g++ -o conftest -Wundef -Wall -W -Wpointer-arith -Wwrite-strings -ansi -D_XOPEN_SOURCE=500 -D_BSD_SOURCE -Wcast-align -Wconversion -Wchar-subscripts -O2   -Wformat-security -Wmissing-format-attribute -Wno-long-long   conftest.cc  1>&5
configure:4513: $? = 0
configure:4517: test -z 
			 || test ! -s conftest.err
configure:4520: $? = 0
configure:4523: test -s conftest
configure:4526: $? = 0
configure:4547: result: yes
configure:4559: checking whether g++ supports -Wnon-virtual-dtor
configure:4595: rm -rf SunWS_cache; g++ -o conftest -Wno-long-long -Wundef -Wall -W -Wpointer-arith -Wwrite-strings -ansi -D_XOPEN_SOURCE=500 -D_BSD_SOURCE -Wcast-align -Wconversion -Wchar-subscripts -O2   -Wformat-security -Wmissing-format-attribute -Wnon-virtual-dtor   conftest.cc  1>&5
configure:4601: $? = 0
configure:4605: test -z 
			 || test ! -s conftest.err
configure:4608: $? = 0
configure:4611: test -s conftest
configure:4614: $? = 0
configure:4635: result: yes
configure:4655: checking whether g++ supports -fno-exceptions
configure:4691: rm -rf SunWS_cache; g++ -o conftest -Wnon-virtual-dtor -Wno-long-long -Wundef -Wall -W -Wpointer-arith -Wwrite-strings -ansi -D_XOPEN_SOURCE=500 -D_BSD_SOURCE -Wcast-align -Wconversion -Wchar-subscripts -O2   -Wformat-security -Wmissing-format-attribute -fno-exceptions   conftest.cc  1>&5
configure:4697: $? = 0
configure:4701: test -z 
			 || test ! -s conftest.err
configure:4704: $? = 0
configure:4707: test -s conftest
configure:4710: $? = 0
configure:4731: result: yes
configure:4743: checking whether g++ supports -fno-check-new
configure:4779: rm -rf SunWS_cache; g++ -o conftest -Wnon-virtual-dtor -Wno-long-long -Wundef -Wall -W -Wpointer-arith -Wwrite-strings -ansi -D_XOPEN_SOURCE=500 -D_BSD_SOURCE -Wcast-align -Wconversion -Wchar-subscripts -O2   -Wformat-security -Wmissing-format-attribute -fno-exceptions -fno-check-new   conftest.cc  1>&5
configure:4785: $? = 0
configure:4789: test -z 
			 || test ! -s conftest.err
configure:4792: $? = 0
configure:4795: test -s conftest
configure:4798: $? = 0
configure:4819: result: yes
configure:4831: checking whether g++ supports -fno-common
configure:4867: rm -rf SunWS_cache; g++ -o conftest -Wnon-virtual-dtor -Wno-long-long -Wundef -Wall -W -Wpointer-arith -Wwrite-strings -ansi -D_XOPEN_SOURCE=500 -D_BSD_SOURCE -Wcast-align -Wconversion -Wchar-subscripts -O2   -Wformat-security -Wmissing-format-attribute -fno-exceptions -fno-check-new -fno-common   conftest.cc  1>&5
configure:4873: $? = 0
configure:4877: test -z 
			 || test ! -s conftest.err
configure:4880: $? = 0
configure:4883: test -s conftest
configure:4886: $? = 0
configure:4907: result: yes
configure:4919: checking whether g++ supports -fexceptions
configure:4955: rm -rf SunWS_cache; g++ -o conftest -Wnon-virtual-dtor -Wno-long-long -Wundef -Wall -W -Wpointer-arith -Wwrite-strings -ansi -D_XOPEN_SOURCE=500 -D_BSD_SOURCE -Wcast-align -Wconversion -Wchar-subscripts -O2   -Wformat-security -Wmissing-format-attribute -fno-exceptions -fno-check-new -fno-common -fexceptions   conftest.cc  1>&5
configure:4961: $? = 0
configure:4965: test -z 
			 || test ! -s conftest.err
configure:4968: $? = 0
configure:4971: test -s conftest
configure:4974: $? = 0
configure:4995: result: yes
configure:5656: checking how to run the C++ preprocessor
configure:5687: g++ -E  conftest.cc
configure:5693: $? = 0
configure:5725: g++ -E  conftest.cc
conftest.cc:15:28: ac_nonexistent.h: No such file or directory
configure:5731: $? = 1
configure: failed program was:
| /* confdefs.h.  */
| 
| #define PACKAGE_NAME "ksquirrel-libs"
| #define PACKAGE_TARNAME "ksquirrel-libs"
| #define PACKAGE_VERSION "0.5.0-pre4"
| #define PACKAGE_STRING "ksquirrel-libs 0.5.0-pre4"
| #define PACKAGE_BUGREPORT "ksquirrel@tut.by"
| #define _GNU_SOURCE 1
| #define PACKAGE "ksquirrel-libs"
| #define VERSION "0.5.0-pre4"
| #ifdef __cplusplus
| extern "C" void std::exit (int) throw (); using std::exit;
| #endif
| /* end confdefs.h.  */
| #include <ac_nonexistent.h>
configure:5770: result: g++ -E
configure:5794: g++ -E  conftest.cc
configure:5800: $? = 0
configure:5832: g++ -E  conftest.cc
conftest.cc:15:28: ac_nonexistent.h: No such file or directory
configure:5838: $? = 1
configure: failed program was:
| /* confdefs.h.  */
| 
| #define PACKAGE_NAME "ksquirrel-libs"
| #define PACKAGE_TARNAME "ksquirrel-libs"
| #define PACKAGE_VERSION "0.5.0-pre4"
| #define PACKAGE_STRING "ksquirrel-libs 0.5.0-pre4"
| #define PACKAGE_BUGREPORT "ksquirrel@tut.by"
| #define _GNU_SOURCE 1
| #define PACKAGE "ksquirrel-libs"
| #define VERSION "0.5.0-pre4"
| #ifdef __cplusplus
| extern "C" void std::exit (int) throw (); using std::exit;
| #endif
| /* end confdefs.h.  */
| #include <ac_nonexistent.h>
configure:5886: checking whether g++ supports -O0
configure:5922: rm -rf SunWS_cache; g++ -o conftest -Wnon-virtual-dtor -Wno-long-long -Wundef -Wall -W -Wpointer-arith -Wwrite-strings -ansi -D_XOPEN_SOURCE=500 -D_BSD_SOURCE -Wcast-align -Wconversion -Wchar-subscripts -O2 -Wformat-security -Wmissing-format-attribute -fno-exceptions -fno-check-new -fno-common -O0   conftest.cc  1>&5
configure:5928: $? = 0
configure:5932: test -z 
			 || test ! -s conftest.err
configure:5935: $? = 0
configure:5938: test -s conftest
configure:5941: $? = 0
configure:5962: result: yes
configure:6017: checking whether g++ supports -Wl,--no-undefined
configure:6053: rm -rf SunWS_cache; g++ -o conftest -Wnon-virtual-dtor -Wno-long-long -Wundef -Wall -W -Wpointer-arith -Wwrite-strings -ansi -D_XOPEN_SOURCE=500 -D_BSD_SOURCE -Wcast-align -Wconversion -Wchar-subscripts -O2 -Wformat-security -Wmissing-format-attribute -fno-exceptions -fno-check-new -fno-common -Wl,--no-undefined   conftest.cc  1>&5
configure:6059: $? = 0
configure:6063: test -z 
			 || test ! -s conftest.err
configure:6066: $? = 0
configure:6069: test -s conftest
configure:6072: $? = 0
configure:6093: result: yes
configure:6097: checking whether g++ supports -Wl,--allow-shlib-undefined
configure:6133: rm -rf SunWS_cache; g++ -o conftest -Wnon-virtual-dtor -Wno-long-long -Wundef -Wall -W -Wpointer-arith -Wwrite-strings -ansi -D_XOPEN_SOURCE=500 -D_BSD_SOURCE -Wcast-align -Wconversion -Wchar-subscripts -O2 -Wformat-security -Wmissing-format-attribute -fno-exceptions -fno-check-new -fno-common -Wl,--allow-shlib-undefined   conftest.cc  1>&5
configure:6139: $? = 0
configure:6143: test -z 
			 || test ! -s conftest.err
configure:6146: $? = 0
configure:6149: test -s conftest
configure:6152: $? = 0
configure:6173: result: yes
configure:6292: checking for a sed that does not truncate output
configure:6346: result: /bin/sed
configure:6349: checking for egrep
configure:6359: result: grep -E
configure:6375: checking for ld used by gcc
configure:6442: result: /usr/bin/ld
configure:6451: checking if the linker (/usr/bin/ld) is GNU ld
configure:6466: result: yes
configure:6471: checking for /usr/bin/ld option to reload object files
configure:6478: result: -r
configure:6487: checking for BSD-compatible nm
configure:6529: result: /usr/bin/nm -B
configure:6533: checking whether ln -s works
configure:6537: result: yes
configure:6544: checking how to recognise dependent libraries
configure:6747: result: pass_all
configure:6959: checking for ANSI C header files
configure:6984: gcc -c -ansi -W -Wall -Wchar-subscripts -Wshadow -Wpointer-arith -Wmissing-prototypes -Wwrite-strings -D_XOPEN_SOURCE=500 -D_BSD_SOURCE -O2   -Wformat-security -Wmissing-format-attribute  conftest.c >&5
configure:6990: $? = 0
configure:6994: test -z 
			 || test ! -s conftest.err
configure:6997: $? = 0
configure:7000: test -s conftest.o
configure:7003: $? = 0
configure:7089: gcc -o conftest -ansi -W -Wall -Wchar-subscripts -Wshadow -Wpointer-arith -Wmissing-prototypes -Wwrite-strings -D_XOPEN_SOURCE=500 -D_BSD_SOURCE -O2   -Wformat-security -Wmissing-format-attribute   conftest.c  >&5
conftest.c: In function `main':
conftest.c:32: warning: implicit declaration of function `exit'
configure:7092: $? = 0
configure:7094: ./conftest
configure:7097: $? = 0
configure:7112: result: yes
configure:7136: checking for sys/types.h
configure:7152: gcc -c -ansi -W -Wall -Wchar-subscripts -Wshadow -Wpointer-arith -Wmissing-prototypes -Wwrite-strings -D_XOPEN_SOURCE=500 -D_BSD_SOURCE -O2   -Wformat-security -Wmissing-format-attribute  conftest.c >&5
configure:7158: $? = 0
configure:7162: test -z 
			 || test ! -s conftest.err
configure:7165: $? = 0
configure:7168: test -s conftest.o
configure:7171: $? = 0
configure:7182: result: yes
configure:7136: checking for sys/stat.h
configure:7152: gcc -c -ansi -W -Wall -Wchar-subscripts -Wshadow -Wpointer-arith -Wmissing-prototypes -Wwrite-strings -D_XOPEN_SOURCE=500 -D_BSD_SOURCE -O2   -Wformat-security -Wmissing-format-attribute  conftest.c >&5
configure:7158: $? = 0
configure:7162: test -z 
			 || test ! -s conftest.err
configure:7165: $? = 0
configure:7168: test -s conftest.o
configure:7171: $? = 0
configure:7182: result: yes
configure:7136: checking for stdlib.h
configure:7152: gcc -c -ansi -W -Wall -Wchar-subscripts -Wshadow -Wpointer-arith -Wmissing-prototypes -Wwrite-strings -D_XOPEN_SOURCE=500 -D_BSD_SOURCE -O2   -Wformat-security -Wmissing-format-attribute  conftest.c >&5
configure:7158: $? = 0
configure:7162: test -z 
			 || test ! -s conftest.err
configure:7165: $? = 0
configure:7168: test -s conftest.o
configure:7171: $? = 0
configure:7182: result: yes
configure:7136: checking for string.h
configure:7152: gcc -c -ansi -W -Wall -Wchar-subscripts -Wshadow -Wpointer-arith -Wmissing-prototypes -Wwrite-strings -D_XOPEN_SOURCE=500 -D_BSD_SOURCE -O2   -Wformat-security -Wmissing-format-attribute  conftest.c >&5
configure:7158: $? = 0
configure:7162: test -z 
			 || test ! -s conftest.err
configure:7165: $? = 0
configure:7168: test -s conftest.o
configure:7171: $? = 0
configure:7182: result: yes
configure:7136: checking for memory.h
configure:7152: gcc -c -ansi -W -Wall -Wchar-subscripts -Wshadow -Wpointer-arith -Wmissing-prototypes -Wwrite-strings -D_XOPEN_SOURCE=500 -D_BSD_SOURCE -O2   -Wformat-security -Wmissing-format-attribute  conftest.c >&5
configure:7158: $? = 0
configure:7162: test -z 
			 || test ! -s conftest.err
configure:7165: $? = 0
configure:7168: test -s conftest.o
configure:7171: $? = 0
configure:7182: result: yes
configure:7136: checking for strings.h
configure:7152: gcc -c -ansi -W -Wall -Wchar-subscripts -Wshadow -Wpointer-arith -Wmissing-prototypes -Wwrite-strings -D_XOPEN_SOURCE=500 -D_BSD_SOURCE -O2   -Wformat-security -Wmissing-format-attribute  conftest.c >&5
configure:7158: $? = 0
configure:7162: test -z 
			 || test ! -s conftest.err
configure:7165: $? = 0
configure:7168: test -s conftest.o
configure:7171: $? = 0
configure:7182: result: yes
configure:7136: checking for inttypes.h
configure:7152: gcc -c -ansi -W -Wall -Wchar-subscripts -Wshadow -Wpointer-arith -Wmissing-prototypes -Wwrite-strings -D_XOPEN_SOURCE=500 -D_BSD_SOURCE -O2   -Wformat-security -Wmissing-format-attribute  conftest.c >&5
configure:7158: $? = 0
configure:7162: test -z 
			 || test ! -s conftest.err
configure:7165: $? = 0
configure:7168: test -s conftest.o
configure:7171: $? = 0
configure:7182: result: yes
configure:7136: checking for stdint.h
configure:7152: gcc -c -ansi -W -Wall -Wchar-subscripts -Wshadow -Wpointer-arith -Wmissing-prototypes -Wwrite-strings -D_XOPEN_SOURCE=500 -D_BSD_SOURCE -O2   -Wformat-security -Wmissing-format-attribute  conftest.c >&5
configure:7158: $? = 0
configure:7162: test -z 
			 || test ! -s conftest.err
configure:7165: $? = 0
configure:7168: test -s conftest.o
configure:7171: $? = 0
configure:7182: result: yes
configure:7136: checking for unistd.h
configure:7152: gcc -c -ansi -W -Wall -Wchar-subscripts -Wshadow -Wpointer-arith -Wmissing-prototypes -Wwrite-strings -D_XOPEN_SOURCE=500 -D_BSD_SOURCE -O2   -Wformat-security -Wmissing-format-attribute  conftest.c >&5
configure:7158: $? = 0
configure:7162: test -z 
			 || test ! -s conftest.err
configure:7165: $? = 0
configure:7168: test -s conftest.o
configure:7171: $? = 0
configure:7182: result: yes
configure:7208: checking dlfcn.h usability
configure:7220: gcc -c -ansi -W -Wall -Wchar-subscripts -Wshadow -Wpointer-arith -Wmissing-prototypes -Wwrite-strings -D_XOPEN_SOURCE=500 -D_BSD_SOURCE -O2   -Wformat-security -Wmissing-format-attribute  conftest.c >&5
configure:7226: $? = 0
configure:7230: test -z 
			 || test ! -s conftest.err
configure:7233: $? = 0
configure:7236: test -s conftest.o
configure:7239: $? = 0
configure:7249: result: yes
configure:7253: checking dlfcn.h presence
configure:7263: gcc -E  conftest.c
configure:7269: $? = 0
configure:7289: result: yes
configure:7324: checking for dlfcn.h
configure:7331: result: yes
configure:7395: checking for g77
configure:7424: result: no
configure:7395: checking for f77
configure:7424: result: no
configure:7395: checking for xlf
configure:7424: result: no
configure:7395: checking for frt
configure:7424: result: no
configure:7395: checking for pgf77
configure:7424: result: no
configure:7395: checking for fort77
configure:7424: result: no
configure:7395: checking for fl32
configure:7424: result: no
configure:7395: checking for af77
configure:7424: result: no
configure:7395: checking for f90
configure:7424: result: no
configure:7395: checking for xlf90
configure:7424: result: no
configure:7395: checking for pgf90
configure:7424: result: no
configure:7395: checking for epcf90
configure:7424: result: no
configure:7395: checking for f95
configure:7424: result: no
configure:7395: checking for fort
configure:7424: result: no
configure:7395: checking for xlf95
configure:7424: result: no
configure:7395: checking for ifc
configure:7424: result: no
configure:7395: checking for efc
configure:7424: result: no
configure:7395: checking for pgf95
configure:7424: result: no
configure:7395: checking for lf95
configure:7424: result: no
configure:7395: checking for gfortran
configure:7424: result: no
configure:7439: checking for Fortran 77 compiler version
configure:7439:  --version </dev/null >&5
./configure: line 1: --version: command not found
configure:7442: $? = 127
configure:7444:  -v </dev/null >&5
./configure: line 1: -v: command not found
configure:7447: $? = 127
configure:7449:  -V </dev/null >&5
./configure: line 1: -V: command not found
configure:7452: $? = 127
configure:7460: checking whether we are using the GNU Fortran 77 compiler
configure:7474:  -c  conftest.F >&5
./configure: line 1: -c: command not found
configure:7480: $? = 127
configure: failed program was:
|       program main
| #ifndef __GNUC__
|        choke me
| #endif
| 
|       end
configure:7506: result: no
configure:7512: checking whether  accepts -g
configure:7524:  -c -g conftest.f >&5
./configure: line 1: -c: command not found
configure:7530: $? = 127
configure: failed program was:
|       program main
| 
|       end
configure:7555: result: no
configure:7585: checking the maximum length of command line arguments
configure:7644: result: 32768
configure:7655: checking command to parse /usr/bin/nm -B output from gcc object
configure:7744: gcc -c -ansi -W -Wall -Wchar-subscripts -Wshadow -Wpointer-arith -Wmissing-prototypes -Wwrite-strings -D_XOPEN_SOURCE=500 -D_BSD_SOURCE -O2   -Wformat-security -Wmissing-format-attribute  conftest.c >&5
conftest.c:5: warning: no previous prototype for `nm_test_func'
configure:7747: $? = 0
configure:7751: /usr/bin/nm -B conftest.o \| sed -n -e 's/^.*[ 	]\([ABCDGISTW][ABCDGISTW]*\)[ 	][ 	]*\(\)\([_A-Za-z][_A-Za-z0-9]*\)$/\1 \2\3 \3/p' \> conftest.nm
configure:7754: $? = 0
configure:7806: gcc -o conftest -ansi -W -Wall -Wchar-subscripts -Wshadow -Wpointer-arith -Wmissing-prototypes -Wwrite-strings -D_XOPEN_SOURCE=500 -D_BSD_SOURCE -O2   -Wformat-security -Wmissing-format-attribute   conftest.c conftstm.o >&5
configure:7809: $? = 0
configure:7847: result: ok
configure:7851: checking for objdir
configure:7866: result: .libs
configure:7956: checking for ar
configure:7972: found /usr/bin/ar
configure:7983: result: ar
configure:8036: checking for ranlib
configure:8052: found /usr/bin/ranlib
configure:8063: result: ranlib
configure:8116: checking for strip
configure:8132: found /usr/bin/strip
configure:8143: result: strip
configure:8405: checking if gcc static flag  works
configure:8428: result: yes
configure:8450: checking if gcc supports -fno-rtti -fno-exceptions
configure:8471: gcc -c -ansi -W -Wall -Wchar-subscripts -Wshadow -Wpointer-arith -Wmissing-prototypes -Wwrite-strings -D_XOPEN_SOURCE=500 -D_BSD_SOURCE -O2   -Wformat-security -Wmissing-format-attribute  -fno-rtti -fno-exceptions conftest.c >&5
cc1: warning: "-fno-rtti" is valid for C++ but not for C/ObjC
configure:8475: $? = 0
configure:8483: result: no
configure:8498: checking for gcc option to produce PIC
configure:8675: result: -fPIC
configure:8683: checking if gcc PIC flag -fPIC works
configure:8704: gcc -c -ansi -W -Wall -Wchar-subscripts -Wshadow -Wpointer-arith -Wmissing-prototypes -Wwrite-strings -D_XOPEN_SOURCE=500 -D_BSD_SOURCE -O2   -Wformat-security -Wmissing-format-attribute  -fPIC -DPIC conftest.c >&5
configure:8708: $? = 0
configure:8716: result: yes
configure:8740: checking if gcc supports -c -o file.o
configure:8771: gcc -c -ansi -W -Wall -Wchar-subscripts -Wshadow -Wpointer-arith -Wmissing-prototypes -Wwrite-strings -D_XOPEN_SOURCE=500 -D_BSD_SOURCE -O2   -Wformat-security -Wmissing-format-attribute  -o out/conftest2.o conftest.c >&5
configure:8775: $? = 0
configure:8789: result: yes
configure:8815: checking whether the gcc linker (/usr/bin/ld) supports shared libraries
configure:9616: result: yes
configure:9642: checking whether -lc should be explicitly linked in
configure:9647: gcc -c -ansi -W -Wall -Wchar-subscripts -Wshadow -Wpointer-arith -Wmissing-prototypes -Wwrite-strings -D_XOPEN_SOURCE=500 -D_BSD_SOURCE -O2   -Wformat-security -Wmissing-format-attribute  conftest.c >&5
configure:9650: $? = 0
configure:9664: gcc -shared conftest.o  -v -Wl,-soname -Wl,conftest -o conftest 2\>\&1 \| grep  -lc  \>/dev/null 2\>\&1
configure:9667: $? = 0
configure:9679: result: no
configure:9687: checking dynamic linker characteristics
configure:10205: result: GNU/Linux ld.so
configure:10209: checking how to hardcode library paths into programs
configure:10234: result: immediate
configure:10248: checking whether stripping libraries is possible
configure:10253: result: yes
configure:11083: checking if libtool supports shared libraries
configure:11085: result: yes
configure:11088: checking whether to build shared libraries
configure:11135: result: yes
configure:11138: checking whether to build static libraries
configure:11142: result: no
configure:11233: creating libtool
configure:11777: checking for ld used by g++
configure:11844: result: /usr/bin/ld
configure:11853: checking if the linker (/usr/bin/ld) is GNU ld
configure:11868: result: yes
configure:11919: checking whether the g++ linker (/usr/bin/ld) supports shared libraries
configure:12722: result: yes
configure:12744: g++ -c -Wnon-virtual-dtor -Wno-long-long -Wundef -Wall -W -Wpointer-arith -Wwrite-strings -ansi -D_XOPEN_SOURCE=500 -D_BSD_SOURCE -Wcast-align -Wconversion -Wchar-subscripts -O2 -Wformat-security -Wmissing-format-attribute -fno-exceptions -fno-check-new -fno-common  conftest.cc >&5
configure:12747: $? = 0
configure:12843: checking for g++ option to produce PIC
configure:13095: result: -fPIC
configure:13103: checking if g++ PIC flag -fPIC works
configure:13124: g++ -c -Wnon-virtual-dtor -Wno-long-long -Wundef -Wall -W -Wpointer-arith -Wwrite-strings -ansi -D_XOPEN_SOURCE=500 -D_BSD_SOURCE -Wcast-align -Wconversion -Wchar-subscripts -O2 -Wformat-security -Wmissing-format-attribute -fno-exceptions -fno-check-new -fno-common  -fPIC -DPIC conftest.cc >&5
configure:13128: $? = 0
configure:13136: result: yes
configure:13160: checking if g++ supports -c -o file.o
configure:13191: g++ -c -Wnon-virtual-dtor -Wno-long-long -Wundef -Wall -W -Wpointer-arith -Wwrite-strings -ansi -D_XOPEN_SOURCE=500 -D_BSD_SOURCE -Wcast-align -Wconversion -Wchar-subscripts -O2 -Wformat-security -Wmissing-format-attribute -fno-exceptions -fno-check-new -fno-common  -o out/conftest2.o conftest.cc >&5
configure:13195: $? = 0
configure:13209: result: yes
configure:13235: checking whether the g++ linker (/usr/bin/ld) supports shared libraries
configure:13260: result: yes
configure:13331: checking dynamic linker characteristics
configure:13849: result: GNU/Linux ld.so
configure:13853: checking how to hardcode library paths into programs
configure:13878: result: immediate
configure:13892: checking whether stripping libraries is possible
configure:13897: result: yes
configure:21086: checking for C++ compiler version
configure:21089: g++ --version </dev/null >&5
g++ (GCC) 3.3.2 (Mandrake Linux 10.0 3.3.2-6mdk)
Copyright (C) 2003 Free Software Foundation, Inc.
This is free software; see the source for copying conditions.  There is NO
warranty; not even for MERCHANTABILITY or FITNESS FOR A PARTICULAR PURPOSE.

configure:21092: $? = 0
configure:21094: g++ -v </dev/null >&5
Reading specs from /usr/lib/gcc-lib/i586-mandrake-linux-gnu/3.3.2/specs
Configured with: ../configure --prefix=/usr --libdir=/usr/lib --with-slibdir=/lib --mandir=/usr/share/man --infodir=/usr/share/info --enable-shared --enable-threads=posix --disable-checking --enable-long-long --enable-__cxa_atexit --enable-clocale=gnu --enable-languages=c,c++,ada,f77,objc,java,pascal --host=i586-mandrake-linux-gnu --with-system-zlib
Thread model: posix
gcc version 3.3.2 (Mandrake Linux 10.0 3.3.2-6mdk)
configure:21097: $? = 0
configure:21099: g++ -V </dev/null >&5
g++: `-V' option must have argument
configure:21102: $? = 1
configure:21105: checking whether we are using the GNU C++ compiler
configure:21161: result: yes
configure:21167: checking whether g++ accepts -g
configure:21218: result: yes
configure:21260: g++ -c -Wnon-virtual-dtor -Wno-long-long -Wundef -Wall -W -Wpointer-arith -Wwrite-strings -ansi -D_XOPEN_SOURCE=500 -D_BSD_SOURCE -Wcast-align -Wconversion -Wchar-subscripts -O2 -Wformat-security -Wmissing-format-attribute -fno-exceptions -fno-check-new -fno-common  conftest.cc >&5
configure:21266: $? = 0
configure:21270: test -z 
			 || test ! -s conftest.err
configure:21273: $? = 0
configure:21276: test -s conftest.o
configure:21279: $? = 0
configure:21305: g++ -c -Wnon-virtual-dtor -Wno-long-long -Wundef -Wall -W -Wpointer-arith -Wwrite-strings -ansi -D_XOPEN_SOURCE=500 -D_BSD_SOURCE -Wcast-align -Wconversion -Wchar-subscripts -O2 -Wformat-security -Wmissing-format-attribute -fno-exceptions -fno-check-new -fno-common  conftest.cc >&5
configure:21311: $? = 0
configure:21315: test -z 
			 || test ! -s conftest.err
configure:21318: $? = 0
configure:21321: test -s conftest.o
configure:21324: $? = 0
configure:21349: checking dependency style of g++
configure:21439: result: gcc3
configure:21502: checking for gcc
configure:21528: result: gcc
configure:21772: checking for C compiler version
configure:21775: gcc --version </dev/null >&5
gcc (GCC) 3.3.2 (Mandrake Linux 10.0 3.3.2-6mdk)
Copyright (C) 2003 Free Software Foundation, Inc.
This is free software; see the source for copying conditions.  There is NO
warranty; not even for MERCHANTABILITY or FITNESS FOR A PARTICULAR PURPOSE.

configure:21778: $? = 0
configure:21780: gcc -v </dev/null >&5
Reading specs from /usr/lib/gcc-lib/i586-mandrake-linux-gnu/3.3.2/specs
Configured with: ../configure --prefix=/usr --libdir=/usr/lib --with-slibdir=/lib --mandir=/usr/share/man --infodir=/usr/share/info --enable-shared --enable-threads=posix --disable-checking --enable-long-long --enable-__cxa_atexit --enable-clocale=gnu --enable-languages=c,c++,ada,f77,objc,java,pascal --host=i586-mandrake-linux-gnu --with-system-zlib
Thread model: posix
gcc version 3.3.2 (Mandrake Linux 10.0 3.3.2-6mdk)
configure:21783: $? = 0
configure:21785: gcc -V </dev/null >&5
gcc: `-V' option must have argument
configure:21788: $? = 1
configure:21791: checking whether we are using the GNU C compiler
configure:21847: result: yes
configure:21853: checking whether gcc accepts -g
configure:21904: result: yes
configure:21921: checking for gcc option to accept ANSI C
configure:22028: result: none needed
configure:22046: gcc -c -ansi -W -Wall -Wchar-subscripts -Wshadow -Wpointer-arith -Wmissing-prototypes -Wwrite-strings -D_XOPEN_SOURCE=500 -D_BSD_SOURCE -O2   -Wformat-security -Wmissing-format-attribute  conftest.c >&5
conftest.c:2: error: parse error before "me"
configure:22052: $? = 1
configure: failed program was:
| #ifndef __cplusplus
|   choke me
| #endif
configure:22187: checking dependency style of gcc
configure:22277: result: gcc3
configure:22299: checking how to run the C preprocessor
configure:22417: result: gcc -E
configure:22441: gcc -E  conftest.c
configure:22447: $? = 0
configure:22479: gcc -E  conftest.c
conftest.c:26:28: ac_nonexistent.h: No such file or directory
configure:22485: $? = 1
configure: failed program was:
| /* confdefs.h.  */
| 
| #define PACKAGE_NAME "ksquirrel-libs"
| #define PACKAGE_TARNAME "ksquirrel-libs"
| #define PACKAGE_VERSION "0.5.0-pre4"
| #define PACKAGE_STRING "ksquirrel-libs 0.5.0-pre4"
| #define PACKAGE_BUGREPORT "ksquirrel@tut.by"
| #define _GNU_SOURCE 1
| #define PACKAGE "ksquirrel-libs"
| #define VERSION "0.5.0-pre4"
| #ifdef __cplusplus
| extern "C" void std::exit (int) throw (); using std::exit;
| #endif
| #define STDC_HEADERS 1
| #define HAVE_SYS_TYPES_H 1
| #define HAVE_SYS_STAT_H 1
| #define HAVE_STDLIB_H 1
| #define HAVE_STRING_H 1
| #define HAVE_MEMORY_H 1
| #define HAVE_STRINGS_H 1
| #define HAVE_INTTYPES_H 1
| #define HAVE_STDINT_H 1
| #define HAVE_UNISTD_H 1
| #define HAVE_DLFCN_H 1
| /* end confdefs.h.  */
| #include <ac_nonexistent.h>
configure:22541: checking for a BSD-compatible install
configure:22596: result: /usr/bin/install -c -p
configure:22607: checking whether ln -s works
configure:22611: result: yes
configure:22618: checking whether make sets $(MAKE)
configure:22638: result: yes
configure:22688: checking for ranlib
configure:22715: result: ranlib
configure:22729: checking for ANSI C header files
configure:22882: result: yes
configure:22910: checking limits.h usability
configure:22922: gcc -c -ansi -W -Wall -Wchar-subscripts -Wshadow -Wpointer-arith -Wmissing-prototypes -Wwrite-strings -D_XOPEN_SOURCE=500 -D_BSD_SOURCE -O2   -Wformat-security -Wmissing-format-attribute  conftest.c >&5
configure:22928: $? = 0
configure:22932: test -z 
			 || test ! -s conftest.err
configure:22935: $? = 0
configure:22938: test -s conftest.o
configure:22941: $? = 0
configure:22951: result: yes
configure:22955: checking limits.h presence
configure:22965: gcc -E  conftest.c
configure:22971: $? = 0
configure:22991: result: yes
configure:23026: checking for limits.h
configure:23033: result: yes
configure:22901: checking for stdlib.h
configure:22906: result: yes
configure:22901: checking for strings.h
configure:22906: result: yes
configure:22901: checking for unistd.h
configure:22906: result: yes
configure:22910: checking stdio.h usability
configure:22922: gcc -c -ansi -W -Wall -Wchar-subscripts -Wshadow -Wpointer-arith -Wmissing-prototypes -Wwrite-strings -D_XOPEN_SOURCE=500 -D_BSD_SOURCE -O2   -Wformat-security -Wmissing-format-attribute  conftest.c >&5
configure:22928: $? = 0
configure:22932: test -z 
			 || test ! -s conftest.err
configure:22935: $? = 0
configure:22938: test -s conftest.o
configure:22941: $? = 0
configure:22951: result: yes
configure:22955: checking stdio.h presence
configure:22965: gcc -E  conftest.c
configure:22971: $? = 0
configure:22991: result: yes
configure:23026: checking for stdio.h
configure:23033: result: yes
configure:23048: checking for stdbool.h that conforms to C99
configure:23101: gcc -c -ansi -W -Wall -Wchar-subscripts -Wshadow -Wpointer-arith -Wmissing-prototypes -Wwrite-strings -D_XOPEN_SOURCE=500 -D_BSD_SOURCE -O2   -Wformat-security -Wmissing-format-attribute  conftest.c >&5
configure:23107: $? = 0
configure:23111: test -z 
			 || test ! -s conftest.err
configure:23114: $? = 0
configure:23117: test -s conftest.o
configure:23120: $? = 0
configure:23131: result: yes
configure:23133: checking for _Bool
configure:23157: gcc -c -ansi -W -Wall -Wchar-subscripts -Wshadow -Wpointer-arith -Wmissing-prototypes -Wwrite-strings -D_XOPEN_SOURCE=500 -D_BSD_SOURCE -O2   -Wformat-security -Wmissing-format-attribute  conftest.c >&5
configure:23163: $? = 0
configure:23167: test -z 
			 || test ! -s conftest.err
configure:23170: $? = 0
configure:23173: test -s conftest.o
configure:23176: $? = 0
configure:23187: result: yes
configure:23206: checking for an ANSI C-conforming const
configure:23273: gcc -c -ansi -W -Wall -Wchar-subscripts -Wshadow -Wpointer-arith -Wmissing-prototypes -Wwrite-strings -D_XOPEN_SOURCE=500 -D_BSD_SOURCE -O2   -Wformat-security -Wmissing-format-attribute  conftest.c >&5
conftest.c: In function `main':
conftest.c:61: warning: unused variable `s'
conftest.c:66: warning: declaration of `x' shadows a previous local
conftest.c:42: warning: shadowed declaration is here
conftest.c:72: warning: declaration of `p' shadows a previous local
conftest.c:45: warning: shadowed declaration is here
conftest.c:81: warning: unused variable `foo'
conftest.c:42: warning: unused variable `x'
conftest.c:48: warning: unused variable `zero'
conftest.c:60: warning: `t' might be used uninitialized in this function
conftest.c:78: warning: `b' might be used uninitialized in this function
configure:23279: $? = 0
configure:23283: test -z 
			 || test ! -s conftest.err
configure:23286: $? = 0
configure:23289: test -s conftest.o
configure:23292: $? = 0
configure:23303: result: yes
configure:23313: checking for size_t
configure:23337: gcc -c -ansi -W -Wall -Wchar-subscripts -Wshadow -Wpointer-arith -Wmissing-prototypes -Wwrite-strings -D_XOPEN_SOURCE=500 -D_BSD_SOURCE -O2   -Wformat-security -Wmissing-format-attribute  conftest.c >&5
configure:23343: $? = 0
configure:23347: test -z 
			 || test ! -s conftest.err
configure:23350: $? = 0
configure:23353: test -s conftest.o
configure:23356: $? = 0
configure:23367: result: yes
configure:23381: checking for error_at_line
configure:23402: gcc -o conftest -ansi -W -Wall -Wchar-subscripts -Wshadow -Wpointer-arith -Wmissing-prototypes -Wwrite-strings -D_XOPEN_SOURCE=500 -D_BSD_SOURCE -O2   -Wformat-security -Wmissing-format-attribute   conftest.c  >&5
conftest.c: In function `main':
conftest.c:71: warning: implicit declaration of function `error_at_line'
configure:23408: $? = 0
configure:23412: test -z 
			 || test ! -s conftest.err
configure:23415: $? = 0
configure:23418: test -s conftest
configure:23421: $? = 0
configure:23433: result: yes
configure:23451: checking for stdlib.h
configure:23456: result: yes
configure:23596: checking for GNU libc compatible realloc
configure:23625: gcc -o conftest -ansi -W -Wall -Wchar-subscripts -Wshadow -Wpointer-arith -Wmissing-prototypes -Wwrite-strings -D_XOPEN_SOURCE=500 -D_BSD_SOURCE -O2   -Wformat-security -Wmissing-format-attribute   conftest.c  >&5
configure:23628: $? = 0
configure:23630: ./conftest
configure:23633: $? = 0
configure:23647: result: yes
configure:23677: checking whether lstat dereferences a symlink specified with a trailing slash
configure:23708: gcc -o conftest -ansi -W -Wall -Wchar-subscripts -Wshadow -Wpointer-arith -Wmissing-prototypes -Wwrite-strings -D_XOPEN_SOURCE=500 -D_BSD_SOURCE -O2   -Wformat-security -Wmissing-format-attribute   conftest.c  >&5
configure:23711: $? = 0
configure:23713: ./conftest
configure:23716: $? = 0
configure:23737: result: yes
configure:23758: checking whether stat accepts an empty string
configure:23783: gcc -o conftest -ansi -W -Wall -Wchar-subscripts -Wshadow -Wpointer-arith -Wmissing-prototypes -Wwrite-strings -D_XOPEN_SOURCE=500 -D_BSD_SOURCE -O2   -Wformat-security -Wmissing-format-attribute   conftest.c  >&5
configure:23786: $? = 0
configure:23788: ./conftest
configure:23791: $? = 1
configure: program exited with status 1
configure: failed program was:
| /* confdefs.h.  */
| 
| #define PACKAGE_NAME "ksquirrel-libs"
| #define PACKAGE_TARNAME "ksquirrel-libs"
| #define PACKAGE_VERSION "0.5.0-pre4"
| #define PACKAGE_STRING "ksquirrel-libs 0.5.0-pre4"
| #define PACKAGE_BUGREPORT "ksquirrel@tut.by"
| #define _GNU_SOURCE 1
| #define PACKAGE "ksquirrel-libs"
| #define VERSION "0.5.0-pre4"
| #ifdef __cplusplus
| extern "C" void std::exit (int) throw (); using std::exit;
| #endif
| #define STDC_HEADERS 1
| #define HAVE_SYS_TYPES_H 1
| #define HAVE_SYS_STAT_H 1
| #define HAVE_STDLIB_H 1
| #define HAVE_STRING_H 1
| #define HAVE_MEMORY_H 1
| #define HAVE_STRINGS_H 1
| #define HAVE_INTTYPES_H 1
| #define HAVE_STDINT_H 1
| #define HAVE_UNISTD_H 1
| #define HAVE_DLFCN_H 1
| #define STDC_HEADERS 1
| #define HAVE_LIMITS_H 1
| #define HAVE_STDLIB_H 1
| #define HAVE_STRINGS_H 1
| #define HAVE_UNISTD_H 1
| #define HAVE_STDIO_H 1
| #define HAVE__BOOL 1
| #define HAVE_STDBOOL_H 1
| #define HAVE_STDLIB_H 1
| #define HAVE_REALLOC 1
| #define LSTAT_FOLLOWS_SLASHED_SYMLINK 1
| /* end confdefs.h.  */
| #include <stdio.h>
| #if HAVE_SYS_TYPES_H
| # include <sys/types.h>
| #endif
| #if HAVE_SYS_STAT_H
| # include <sys/stat.h>
| #endif
| #if STDC_HEADERS
| # include <stdlib.h>
| # include <stddef.h>
| #else
| # if HAVE_STDLIB_H
| #  include <stdlib.h>
| # endif
| #endif
| #if HAVE_STRING_H
| # if !STDC_HEADERS && HAVE_MEMORY_H
| #  include <memory.h>
| # endif
| # include <string.h>
| #endif
| #if HAVE_STRINGS_H
| # include <strings.h>
| #endif
| #if HAVE_INTTYPES_H
| # include <inttypes.h>
| #else
| # if HAVE_STDINT_H
| #  include <stdint.h>
| # endif
| #endif
| #if HAVE_UNISTD_H
| # include <unistd.h>
| #endif
| int
| main ()
| {
| struct stat sbuf;
|   exit (stat ("", &sbuf) ? 1 : 0);
|   ;
|   return 0;
| }
configure:23805: result: no
configure:23827: checking for memset
configure:23884: gcc -o conftest -ansi -W -Wall -Wchar-subscripts -Wshadow -Wpointer-arith -Wmissing-prototypes -Wwrite-strings -D_XOPEN_SOURCE=500 -D_BSD_SOURCE -O2   -Wformat-security -Wmissing-format-attribute   conftest.c  >&5
conftest.c:61: warning: conflicting types for built-in function `memset'
configure:23890: $? = 0
configure:23894: test -z 
			 || test ! -s conftest.err
configure:23897: $? = 0
configure:23900: test -s conftest
configure:23903: $? = 0
configure:23915: result: yes
configure:23933: checking for memcpy
configure:23990: gcc -o conftest -ansi -W -Wall -Wchar-subscripts -Wshadow -Wpointer-arith -Wmissing-prototypes -Wwrite-strings -D_XOPEN_SOURCE=500 -D_BSD_SOURCE -O2   -Wformat-security -Wmissing-format-attribute   conftest.c  >&5
conftest.c:62: warning: conflicting types for built-in function `memcpy'
configure:23996: $? = 0
configure:24000: test -z 
			 || test ! -s conftest.err
configure:24003: $? = 0
configure:24006: test -s conftest
configure:24009: $? = 0
configure:24021: result: yes
configure:24039: checking for setjmp
configure:24096: gcc -o conftest -ansi -W -Wall -Wchar-subscripts -Wshadow -Wpointer-arith -Wmissing-prototypes -Wwrite-strings -D_XOPEN_SOURCE=500 -D_BSD_SOURCE -O2   -Wformat-security -Wmissing-format-attribute   conftest.c  >&5
configure:24102: $? = 0
configure:24106: test -z 
			 || test ! -s conftest.err
configure:24109: $? = 0
configure:24112: test -s conftest
configure:24115: $? = 0
configure:24127: result: yes
configure:24152: checking sys/wait.h usability
configure:24164: gcc -c -ansi -W -Wall -Wchar-subscripts -Wshadow -Wpointer-arith -Wmissing-prototypes -Wwrite-strings -D_XOPEN_SOURCE=500 -D_BSD_SOURCE -O2   -Wformat-security -Wmissing-format-attribute  conftest.c >&5
configure:24170: $? = 0
configure:24174: test -z 
			 || test ! -s conftest.err
configure:24177: $? = 0
configure:24180: test -s conftest.o
configure:24183: $? = 0
configure:24193: result: yes
configure:24197: checking sys/wait.h presence
configure:24207: gcc -E  conftest.c
configure:24213: $? = 0
configure:24233: result: yes
configure:24268: checking for sys/wait.h
configure:24275: result: yes
configure:24298: checking for main in -ljpeg
configure:24322: gcc -o conftest -ansi -W -Wall -Wchar-subscripts -Wshadow -Wpointer-arith -Wmissing-prototypes -Wwrite-strings -D_XOPEN_SOURCE=500 -D_BSD_SOURCE -O2   -Wformat-security -Wmissing-format-attribute   conftest.c -ljpeg   >&5
configure:24328: $? = 0
configure:24332: test -z 
			 || test ! -s conftest.err
configure:24335: $? = 0
configure:24338: test -s conftest
configure:24341: $? = 0
configure:24354: result: yes
configure:24368: checking for png_create_read_struct in -lpng
configure:24398: gcc -o conftest -ansi -W -Wall -Wchar-subscripts -Wshadow -Wpointer-arith -Wmissing-prototypes -Wwrite-strings -D_XOPEN_SOURCE=500 -D_BSD_SOURCE -O2   -Wformat-security -Wmissing-format-attribute   conftest.c -lpng  -ljpeg  >&5
configure:24404: $? = 0
configure:24408: test -z 
			 || test ! -s conftest.err
configure:24411: $? = 0
configure:24414: test -s conftest
configure:24417: $? = 0
configure:24430: result: yes
configure:24461: checking jpeglib.h usability
configure:24473: gcc -c -ansi -W -Wall -Wchar-subscripts -Wshadow -Wpointer-arith -Wmissing-prototypes -Wwrite-strings -D_XOPEN_SOURCE=500 -D_BSD_SOURCE -O2   -Wformat-security -Wmissing-format-attribute  conftest.c >&5
configure:24479: $? = 0
configure:24483: test -z 
			 || test ! -s conftest.err
configure:24486: $? = 0
configure:24489: test -s conftest.o
configure:24492: $? = 0
configure:24502: result: yes
configure:24506: checking jpeglib.h presence
configure:24516: gcc -E  conftest.c
configure:24522: $? = 0
configure:24542: result: yes
configure:24577: checking for jpeglib.h
configure:24584: result: yes
configure:24461: checking jconfig.h usability
configure:24473: gcc -c -ansi -W -Wall -Wchar-subscripts -Wshadow -Wpointer-arith -Wmissing-prototypes -Wwrite-strings -D_XOPEN_SOURCE=500 -D_BSD_SOURCE -O2   -Wformat-security -Wmissing-format-attribute  conftest.c >&5
configure:24479: $? = 0
configure:24483: test -z 
			 || test ! -s conftest.err
configure:24486: $? = 0
configure:24489: test -s conftest.o
configure:24492: $? = 0
configure:24502: result: yes
configure:24506: checking jconfig.h presence
configure:24516: gcc -E  conftest.c
configure:24522: $? = 0
configure:24542: result: yes
configure:24577: checking for jconfig.h
configure:24584: result: yes
configure:24461: checking jerror.h usability
configure:24473: gcc -c -ansi -W -Wall -Wchar-subscripts -Wshadow -Wpointer-arith -Wmissing-prototypes -Wwrite-strings -D_XOPEN_SOURCE=500 -D_BSD_SOURCE -O2   -Wformat-security -Wmissing-format-attribute  conftest.c >&5
configure:24479: $? = 0
configure:24483: test -z 
			 || test ! -s conftest.err
configure:24486: $? = 0
configure:24489: test -s conftest.o
configure:24492: $? = 0
configure:24502: result: yes
configure:24506: checking jerror.h presence
configure:24516: gcc -E  conftest.c
configure:24522: $? = 0
configure:24542: result: yes
configure:24577: checking for jerror.h
configure:24584: result: yes
configure:24461: checking jmorecfg.h usability
configure:24473: gcc -c -ansi -W -Wall -Wchar-subscripts -Wshadow -Wpointer-arith -Wmissing-prototypes -Wwrite-strings -D_XOPEN_SOURCE=500 -D_BSD_SOURCE -O2   -Wformat-security -Wmissing-format-attribute  conftest.c >&5
configure:24479: $? = 0
configure:24483: test -z 
			 || test ! -s conftest.err
configure:24486: $? = 0
configure:24489: test -s conftest.o
configure:24492: $? = 0
configure:24502: result: yes
configure:24506: checking jmorecfg.h presence
configure:24516: gcc -E  conftest.c
configure:24522: $? = 0
configure:24542: result: yes
configure:24577: checking for jmorecfg.h
configure:24584: result: yes
configure:24613: checking png.h usability
configure:24625: gcc -c -ansi -W -Wall -Wchar-subscripts -Wshadow -Wpointer-arith -Wmissing-prototypes -Wwrite-strings -D_XOPEN_SOURCE=500 -D_BSD_SOURCE -O2   -Wformat-security -Wmissing-format-attribute  conftest.c >&5
configure:24631: $? = 0
configure:24635: test -z 
			 || test ! -s conftest.err
configure:24638: $? = 0
configure:24641: test -s conftest.o
configure:24644: $? = 0
configure:24654: result: yes
configure:24658: checking png.h presence
configure:24668: gcc -E  conftest.c
configure:24674: $? = 0
configure:24694: result: yes
configure:24729: checking for png.h
configure:24736: result: yes
configure:24765: checking X11/XWDFile.h usability
configure:24777: gcc -c -ansi -W -Wall -Wchar-subscripts -Wshadow -Wpointer-arith -Wmissing-prototypes -Wwrite-strings -D_XOPEN_SOURCE=500 -D_BSD_SOURCE -O2   -Wformat-security -Wmissing-format-attribute  conftest.c >&5
configure:24783: $? = 0
configure:24787: test -z 
			 || test ! -s conftest.err
configure:24790: $? = 0
configure:24793: test -s conftest.o
configure:24796: $? = 0
configure:24806: result: yes
configure:24810: checking X11/XWDFile.h presence
configure:24820: gcc -E  conftest.c
configure:24826: $? = 0
configure:24846: result: yes
configure:24881: checking for X11/XWDFile.h
configure:24888: result: yes
configure:24918: checking tiffio.h usability
configure:24930: gcc -c -ansi -W -Wall -Wchar-subscripts -Wshadow -Wpointer-arith -Wmissing-prototypes -Wwrite-strings -D_XOPEN_SOURCE=500 -D_BSD_SOURCE -O2   -Wformat-security -Wmissing-format-attribute  conftest.c >&5
configure:24936: $? = 0
configure:24940: test -z 
			 || test ! -s conftest.err
configure:24943: $? = 0
configure:24946: test -s conftest.o
configure:24949: $? = 0
configure:24959: result: yes
configure:24963: checking tiffio.h presence
configure:24973: gcc -E  conftest.c
configure:24979: $? = 0
configure:24999: result: yes
configure:25034: checking for tiffio.h
configure:25041: result: yes
configure:24918: checking tiff.h usability
configure:24930: gcc -c -ansi -W -Wall -Wchar-subscripts -Wshadow -Wpointer-arith -Wmissing-prototypes -Wwrite-strings -D_XOPEN_SOURCE=500 -D_BSD_SOURCE -O2   -Wformat-security -Wmissing-format-attribute  conftest.c >&5
configure:24936: $? = 0
configure:24940: test -z 
			 || test ! -s conftest.err
configure:24943: $? = 0
configure:24946: test -s conftest.o
configure:24949: $? = 0
configure:24959: result: yes
configure:24963: checking tiff.h presence
configure:24973: gcc -E  conftest.c
configure:24979: $? = 0
configure:24999: result: yes
configure:25034: checking for tiff.h
configure:25041: result: yes
configure:25272: creating ./config.status

## ---------------------- ##
## Running config.status. ##
## ---------------------- ##

This file was extended by ksquirrel-libs config.status 0.5.0-pre4, which was
generated by GNU Autoconf 2.59.  Invocation command line was

  CONFIG_FILES    = 
  CONFIG_HEADERS  = 
  CONFIG_LINKS    = 
  CONFIG_COMMANDS = 
  $ ./config.status 

on localhost

config.status:738: creating Makefile
config.status:738: creating contrib/Makefile
config.status:738: creating kernel/Makefile
config.status:738: creating kernel/bmp/Makefile
config.status:738: creating kernel/gif/Makefile
config.status:738: creating kernel/pix/Makefile
config.status:738: creating kernel/xbm/Makefile
config.status:738: creating kernel/xpm/Makefile
config.status:738: creating kernel/tga/Makefile
config.status:738: creating kernel/sgi/Makefile
config.status:738: creating kernel/ras/Makefile
config.status:738: creating kernel/pnm/Makefile
config.status:738: creating kernel/pcx/Makefile
config.status:738: creating kernel/ico/Makefile
config.status:738: creating kernel/png/Makefile
config.status:738: creating kernel/jpeg/Makefile
config.status:738: creating kernel/xwd/Makefile
config.status:738: creating kernel/tiff/Makefile
config.status:921: executing depfiles commands
configure:26414: configuring in contrib/libungif
configure:26531: running /bin/sh './configure' --prefix=/usr/local  '--libdir=/usr/lib/squirrel/' --cache-file=/dev/null --srcdir=.

## ---------------- ##
## Cache variables. ##
## ---------------- ##

ac_cv_build=i686-pc-linux-gnu
ac_cv_build_alias=i686-pc-linux-gnu
ac_cv_c_compiler_gnu=yes
ac_cv_c_const=yes
ac_cv_cxx_compiler_gnu=yes
ac_cv_env_CC_set=
ac_cv_env_CC_value=
ac_cv_env_CFLAGS_set=
ac_cv_env_CFLAGS_value=
ac_cv_env_CPPFLAGS_set=
ac_cv_env_CPPFLAGS_value=
ac_cv_env_CPP_set=
ac_cv_env_CPP_value=
ac_cv_env_CXXCPP_set=
ac_cv_env_CXXCPP_value=
ac_cv_env_CXXFLAGS_set=
ac_cv_env_CXXFLAGS_value=
ac_cv_env_CXX_set=
ac_cv_env_CXX_value=
ac_cv_env_F77_set=
ac_cv_env_F77_value=
ac_cv_env_FFLAGS_set=
ac_cv_env_FFLAGS_value=
ac_cv_env_LDFLAGS_set=
ac_cv_env_LDFLAGS_value=
ac_cv_env_build_alias_set=
ac_cv_env_build_alias_value=
ac_cv_env_host_alias_set=
ac_cv_env_host_alias_value=
ac_cv_env_target_alias_set=
ac_cv_env_target_alias_value=
ac_cv_exeext=
ac_cv_f77_compiler_gnu=no
ac_cv_func_lstat_dereferences_slashed_symlink=yes
ac_cv_func_memcpy=yes
ac_cv_func_memset=yes
ac_cv_func_realloc_0_nonnull=yes
ac_cv_func_setjmp=yes
ac_cv_func_stat_empty_string_bug=no
ac_cv_header_X11_XWDFile_h=yes
ac_cv_header_dlfcn_h=yes
ac_cv_header_inttypes_h=yes
ac_cv_header_jconfig_h=yes
ac_cv_header_jerror_h=yes
ac_cv_header_jmorecfg_h=yes
ac_cv_header_jpeglib_h=yes
ac_cv_header_limits_h=yes
ac_cv_header_memory_h=yes
ac_cv_header_png_h=yes
ac_cv_header_stdbool_h=yes
ac_cv_header_stdc=yes
ac_cv_header_stdint_h=yes
ac_cv_header_stdio_h=yes
ac_cv_header_stdlib_h=yes
ac_cv_header_string_h=yes
ac_cv_header_strings_h=yes
ac_cv_header_sys_stat_h=yes
ac_cv_header_sys_types_h=yes
ac_cv_header_sys_wait_h=yes
ac_cv_header_tiff_h=yes
ac_cv_header_tiffio_h=yes
ac_cv_header_unistd_h=yes
ac_cv_host=i686-pc-linux-gnu
ac_cv_host_alias=i686-pc-linux-gnu
ac_cv_lib_error_at_line=yes
ac_cv_lib_jpeg_main=yes
ac_cv_lib_png_png_create_read_struct=yes
ac_cv_objext=o
ac_cv_path_install='/usr/bin/install -c'
ac_cv_prog_AWK=gawk
ac_cv_prog_CPP='gcc -E'
ac_cv_prog_CXXCPP='g++ -E'
ac_cv_prog_ac_ct_AR=ar
ac_cv_prog_ac_ct_CC=gcc
ac_cv_prog_ac_ct_CXX=g++
ac_cv_prog_ac_ct_RANLIB=ranlib
ac_cv_prog_ac_ct_STRIP=strip
ac_cv_prog_cc_g=yes
ac_cv_prog_cc_stdc=
ac_cv_prog_cxx_g=yes
ac_cv_prog_egrep='grep -E'
ac_cv_prog_f77_g=no
ac_cv_prog_make_make_set=yes
ac_cv_target=i686-pc-linux-gnu
ac_cv_target_alias=i686-pc-linux-gnu
ac_cv_type__Bool=yes
ac_cv_type_size_t=yes
am_cv_CC_dependencies_compiler_type=gcc3
am_cv_CXX_dependencies_compiler_type=gcc3
kde_cv_prog_cxx_O0=yes
kde_cv_prog_cxx_Wl___allow_shlib_undefined=yes
kde_cv_prog_cxx_Wl___no_undefined=yes
kde_cv_prog_cxx_Wmissing_format_attribute=yes
kde_cv_prog_cxx_Wno_long_long=yes
kde_cv_prog_cxx_Wnon_virtual_dtor=yes
kde_cv_prog_cxx_Wundef=yes
kde_cv_prog_cxx_fexceptions=yes
kde_cv_prog_cxx_fno_check_new=yes
kde_cv_prog_cxx_fno_common=yes
kde_cv_prog_cxx_fno_exceptions=yes
lt_cv_deplibs_check_method=pass_all
lt_cv_file_magic_cmd='$MAGIC_CMD'
lt_cv_file_magic_test_file='/lib/libc.so.6 /lib/libc-2.3.3.so'
lt_cv_ld_reload_flag=-r
lt_cv_objdir=.libs
lt_cv_path_LD=/usr/bin/ld
lt_cv_path_LDCXX=/usr/bin/ld
lt_cv_path_NM='/usr/bin/nm -B'
lt_cv_path_SED=/bin/sed
lt_cv_prog_compiler_c_o=yes
lt_cv_prog_compiler_c_o_CXX=yes
lt_cv_prog_compiler_rtti_exceptions=no
lt_cv_prog_gnu_ld=yes
lt_cv_prog_gnu_ldcxx=yes
lt_cv_sys_global_symbol_pipe='sed -n -e '\''s/^.*[ 	]\([ABCDGISTW][ABCDGISTW]*\)[ 	][ 	]*\(\)\([_A-Za-z][_A-Za-z0-9]*\)$/\1 \2\3 \3/p'\'''
lt_cv_sys_global_symbol_to_c_name_address='sed -n -e '\''s/^: \([^ ]*\) $/  {\"\1\", (lt_ptr) 0},/p'\'' -e '\''s/^[BCDEGRST] \([^ ]*\) \([^ ]*\)$/  {"\2", (lt_ptr) \&\2},/p'\'''
lt_cv_sys_global_symbol_to_cdecl='sed -n -e '\''s/^. .* \(.*\)$/extern int \1;/p'\'''
lt_cv_sys_max_cmd_len=32768
lt_lt_cv_prog_compiler_c_o='"yes"'
lt_lt_cv_prog_compiler_c_o_CXX='"yes"'
lt_lt_cv_sys_global_symbol_pipe='"sed -n -e '\''s/^.*[ 	]\\([ABCDGISTW][ABCDGISTW]*\\)[ 	][ 	]*\\(\\)\\([_A-Za-z][_A-Za-z0-9]*\\)\$/\\1 \\2\\3 \\3/p'\''"'
lt_lt_cv_sys_global_symbol_to_c_name_address='"sed -n -e '\''s/^: \\([^ ]*\\) \$/  {\\\"\\1\\\", (lt_ptr) 0},/p'\'' -e '\''s/^[BCDEGRST] \\([^ ]*\\) \\([^ ]*\\)\$/  {\"\\2\", (lt_ptr) \\&\\2},/p'\''"'
lt_lt_cv_sys_global_symbol_to_cdecl='"sed -n -e '\''s/^. .* \\(.*\\)\$/extern int \\1;/p'\''"'

## ----------------- ##
## Output variables. ##
## ----------------- ##

ACLOCAL='${SHELL} /home/ckult/MyProjects/releases/ksquirrel-libs-0.5.0-pre4/admin/missing --run aclocal-1.8'
AMDEPBACKSLASH='\'
AMDEP_FALSE='#'
AMDEP_TRUE=''
AMTAR='${SHELL} /home/ckult/MyProjects/releases/ksquirrel-libs-0.5.0-pre4/admin/missing --run tar'
AR='ar'
AUTOCONF='${SHELL} /home/ckult/MyProjects/releases/ksquirrel-libs-0.5.0-pre4/admin/missing --run autoconf'
AUTOHEADER='${SHELL} /home/ckult/MyProjects/releases/ksquirrel-libs-0.5.0-pre4/admin/missing --run autoheader'
AUTOMAKE='${SHELL} /home/ckult/MyProjects/releases/ksquirrel-libs-0.5.0-pre4/admin/missing --run automake-1.8'
AWK='gawk'
CC='gcc'
CCDEPMODE='depmode=gcc3'
CFLAGS='-ansi -W -Wall -Wchar-subscripts -Wshadow -Wpointer-arith -Wmissing-prototypes -Wwrite-strings -D_XOPEN_SOURCE=500 -D_BSD_SOURCE -O2   -Wformat-security -Wmissing-format-attribute'
CPP='gcc -E'
CPPFLAGS=''
CXX='g++'
CXXCPP='g++ -E'
CXXDEPMODE='depmode=gcc3'
CXXFLAGS='-Wnon-virtual-dtor -Wno-long-long -Wundef -Wall -W -Wpointer-arith -Wwrite-strings -ansi -D_XOPEN_SOURCE=500 -D_BSD_SOURCE -Wcast-align -Wconversion -Wchar-subscripts -O2 -Wformat-security -Wmissing-format-attribute -fno-exceptions -fno-check-new -fno-common'
CYGPATH_W='echo'
DEFS='-DPACKAGE_NAME=\"ksquirrel-libs\" -DPACKAGE_TARNAME=\"ksquirrel-libs\" -DPACKAGE_VERSION=\"0.5.0-pre4\" -DPACKAGE_STRING=\"ksquirrel-libs\ 0.5.0-pre4\" -DPACKAGE_BUGREPORT=\"ksquirrel@tut.by\" -D_GNU_SOURCE=1 -DPACKAGE=\"ksquirrel-libs\" -DVERSION=\"0.5.0-pre4\" -DSTDC_HEADERS=1 -DHAVE_SYS_TYPES_H=1 -DHAVE_SYS_STAT_H=1 -DHAVE_STDLIB_H=1 -DHAVE_STRING_H=1 -DHAVE_MEMORY_H=1 -DHAVE_STRINGS_H=1 -DHAVE_INTTYPES_H=1 -DHAVE_STDINT_H=1 -DHAVE_UNISTD_H=1 -DHAVE_DLFCN_H=1 -DSTDC_HEADERS=1 -DHAVE_LIMITS_H=1 -DHAVE_STDLIB_H=1 -DHAVE_STRINGS_H=1 -DHAVE_UNISTD_H=1 -DHAVE_STDIO_H=1 -DHAVE__BOOL=1 -DHAVE_STDBOOL_H=1 -DHAVE_STDLIB_H=1 -DHAVE_REALLOC=1 -DLSTAT_FOLLOWS_SLASHED_SYMLINK=1 -DHAVE_MEMSET=1 -DHAVE_MEMCPY=1 -DHAVE_SETJMP=1 -D_SYS_WAIT_H=1 -DHAVE_LIBJPEG=1 -DHAVE_LIBPNG=1 -DHAVE_JPEGLIB_H=1 -DHAVE_JCONFIG_H=1 -DHAVE_JERROR_H=1 -DHAVE_JMORECFG_H=1 -DHAVE_PNG_H=1 -DHAVE_X11_XWDFILE_H=1 -DHAVE_TIFFIO_H=1 -DHAVE_TIFF_H=1 '
DEPDIR='.deps'
ECHO='echo'
ECHO_C=''
ECHO_N='-n'
ECHO_T=''
EGREP='grep -E'
EXEEXT=''
F77=''
FFLAGS=''
INSTALL_DATA='${INSTALL} -m 644'
INSTALL_PROGRAM='${INSTALL} $(INSTALL_STRIP_FLAG)'
INSTALL_SCRIPT='${INSTALL}'
INSTALL_STRIP_PROGRAM='${SHELL} $(install_sh) -c -s'
KDE_NO_UNDEFINED='-Wl,--no-undefined -Wl,--allow-shlib-undefined'
KDE_USE_CLOSURE_FALSE=''
KDE_USE_CLOSURE_TRUE='#'
KDE_USE_FINAL_FALSE=''
KDE_USE_FINAL_TRUE='#'
KDE_USE_NMCHECK_FALSE=''
KDE_USE_NMCHECK_TRUE='#'
LDFLAGS=''
LIBOBJS=''
LIBS='-lpng -ljpeg '
LIBTOOL='$(SHELL) $(top_builddir)/libtool --silent'
LN_S='ln -s'
LTLIBOBJS=''
MAKEINFO='${SHELL} /home/ckult/MyProjects/releases/ksquirrel-libs-0.5.0-pre4/admin/missing --run makeinfo'
NOOPT_CFLAGS='-O0'
NOOPT_CXXFLAGS='-O0'
OBJEXT='o'
PACKAGE='ksquirrel-libs'
PACKAGE_BUGREPORT='ksquirrel@tut.by'
PACKAGE_NAME='ksquirrel-libs'
PACKAGE_STRING='ksquirrel-libs 0.5.0-pre4'
PACKAGE_TARNAME='ksquirrel-libs'
PACKAGE_VERSION='0.5.0-pre4'
PATH_SEPARATOR=':'
RANLIB='ranlib'
SET_MAKE=''
SHELL='/bin/sh'
STRIP='strip'
USE_EXCEPTIONS='-fexceptions'
USE_RTTI=''
VERSION='0.5.0-pre4'
WOVERLOADED_VIRTUAL=''
ac_ct_AR='ar'
ac_ct_CC='gcc'
ac_ct_CXX='g++'
ac_ct_F77=''
ac_ct_RANLIB='ranlib'
ac_ct_STRIP='strip'
am__fastdepCC_FALSE='#'
am__fastdepCC_TRUE=''
am__fastdepCXX_FALSE='#'
am__fastdepCXX_TRUE=''
am__include='include'
am__leading_dot='.'
am__quote=''
bindir='${exec_prefix}/bin'
build='i686-pc-linux-gnu'
build_alias=''
build_cpu='i686'
build_os='linux-gnu'
build_vendor='pc'
datadir='${prefix}/share'
exec_prefix='${prefix}'
host='i686-pc-linux-gnu'
host_alias=''
host_cpu='i686'
host_os='linux-gnu'
host_vendor='pc'
includedir='${prefix}/include'
infodir='${prefix}/info'
install_sh='/home/ckult/MyProjects/releases/ksquirrel-libs-0.5.0-pre4/admin/install-sh'
libdir='/usr/lib/squirrel/'
libexecdir='${exec_prefix}/libexec'
localstatedir='${prefix}/var'
mandir='${prefix}/man'
mkdir_p='mkdir -p -- .'
oldincludedir='/usr/include'
prefix='/usr/local'
program_transform_name='s,x,x,'
sbindir='${exec_prefix}/sbin'
sharedstatedir='${prefix}/com'
subdirs=' contrib/libungif'
sysconfdir='${prefix}/etc'
target='i686-pc-linux-gnu'
target_alias=''
target_cpu='i686'
target_os='linux-gnu'
target_vendor='pc'

## ----------- ##
## confdefs.h. ##
## ----------- ##

#define HAVE_DLFCN_H 1
#define HAVE_INTTYPES_H 1
#define HAVE_JCONFIG_H 1
#define HAVE_JERROR_H 1
#define HAVE_JMORECFG_H 1
#define HAVE_JPEGLIB_H 1
#define HAVE_LIBJPEG 1
#define HAVE_LIBPNG 1
#define HAVE_LIMITS_H 1
#define HAVE_MEMCPY 1
#define HAVE_MEMORY_H 1
#define HAVE_MEMSET 1
#define HAVE_PNG_H 1
#define HAVE_REALLOC 1
#define HAVE_SETJMP 1
#define HAVE_STDBOOL_H 1
#define HAVE_STDINT_H 1
#define HAVE_STDIO_H 1
#define HAVE_STDLIB_H 1
#define HAVE_STDLIB_H 1
#define HAVE_STDLIB_H 1
#define HAVE_STRINGS_H 1
#define HAVE_STRINGS_H 1
#define HAVE_STRING_H 1
#define HAVE_SYS_STAT_H 1
#define HAVE_SYS_TYPES_H 1
#define HAVE_TIFFIO_H 1
#define HAVE_TIFF_H 1
#define HAVE_UNISTD_H 1
#define HAVE_UNISTD_H 1
#define HAVE_X11_XWDFILE_H 1
#define HAVE__BOOL 1
#define LSTAT_FOLLOWS_SLASHED_SYMLINK 1
#define PACKAGE "ksquirrel-libs"
#define PACKAGE_BUGREPORT "ksquirrel@tut.by"
#define PACKAGE_NAME "ksquirrel-libs"
#define PACKAGE_STRING "ksquirrel-libs 0.5.0-pre4"
#define PACKAGE_TARNAME "ksquirrel-libs"
#define PACKAGE_VERSION "0.5.0-pre4"
#define STDC_HEADERS 1
#define STDC_HEADERS 1
#define VERSION "0.5.0-pre4"
#define _GNU_SOURCE 1
#define _SYS_WAIT_H 1
#endif
#ifdef __cplusplus
extern "C" void std::exit (int) throw (); using std::exit;

configure: exit 0
