This file contains any messages produced by compilers while
running configure, to aid debugging if configure makes a mistake.

It was created by libungif configure 4.1.3, which was
generated by GNU Autoconf 2.59.  Invocation command line was

  $ ./configure --prefix=/usr/local --libdir=/usr/lib/squirrel/ --cache-file=/dev/null --srcdir=.

## --------- ##
## Platform. ##
## --------- ##

hostname = localhost
uname -m = i686
uname -r = 2.6.3-7mdk
uname -s = Linux
uname -v = #1 Wed Mar 17 15:56:42 CET 2004

/usr/bin/uname -p = unknown
/bin/uname -X     = unknown

/bin/arch              = i686
/usr/bin/arch -k       = unknown
/usr/convex/getsysinfo = unknown
hostinfo               = unknown
/bin/machine           = unknown
/usr/bin/oslevel       = unknown
/bin/universe          = unknown

PATH: /usr/bin
PATH: /bin
PATH: /usr/bin
PATH: /usr/local/bin
PATH: /usr/X11R6/bin/
PATH: /usr/games
PATH: /home/ckult/bin
PATH: /opt/j2sdk1.4.1_05/bin


## ----------- ##
## Core tests. ##
## ----------- ##

configure:1531: checking for a BSD-compatible install
configure:1586: result: /usr/bin/install -c
configure:1597: checking whether build environment is sane
configure:1640: result: yes
configure:1697: checking for gawk
configure:1713: found /usr/bin/gawk
configure:1723: result: gawk
configure:1733: checking whether make sets $(MAKE)
configure:1753: result: yes
configure:1992: checking build system type
configure:2010: result: i686-redhat-linux-gnu
configure:2018: checking host system type
configure:2032: result: i686-redhat-linux-gnu
configure:2052: checking for style of include used by make
configure:2080: result: GNU
configure:2151: checking for gcc
configure:2167: found /usr/bin/gcc
configure:2177: result: gcc
configure:2421: checking for C compiler version
configure:2424: gcc --version </dev/null >&5
gcc (GCC) 3.3.2 (Mandrake Linux 10.0 3.3.2-6mdk)
Copyright (C) 2003 Free Software Foundation, Inc.
This is free software; see the source for copying conditions.  There is NO
warranty; not even for MERCHANTABILITY or FITNESS FOR A PARTICULAR PURPOSE.

configure:2427: $? = 0
configure:2429: gcc -v </dev/null >&5
Reading specs from /usr/lib/gcc-lib/i586-mandrake-linux-gnu/3.3.2/specs
Configured with: ../configure --prefix=/usr --libdir=/usr/lib --with-slibdir=/lib --mandir=/usr/share/man --infodir=/usr/share/info --enable-shared --enable-threads=posix --disable-checking --enable-long-long --enable-__cxa_atexit --enable-clocale=gnu --enable-languages=c,c++,ada,f77,objc,java,pascal --host=i586-mandrake-linux-gnu --with-system-zlib
Thread model: posix
gcc version 3.3.2 (Mandrake Linux 10.0 3.3.2-6mdk)
configure:2432: $? = 0
configure:2434: gcc -V </dev/null >&5
gcc: `-V' option must have argument
configure:2437: $? = 1
configure:2460: checking for C compiler default output file name
configure:2463: gcc    conftest.c  >&5
configure:2466: $? = 0
configure:2512: result: a.out
configure:2517: checking whether the C compiler works
configure:2523: ./a.out
configure:2526: $? = 0
configure:2543: result: yes
configure:2550: checking whether we are cross compiling
configure:2552: result: no
configure:2555: checking for suffix of executables
configure:2557: gcc -o conftest    conftest.c  >&5
configure:2560: $? = 0
configure:2585: result: 
configure:2591: checking for suffix of object files
configure:2612: gcc -c   conftest.c >&5
configure:2615: $? = 0
configure:2637: result: o
configure:2641: checking whether we are using the GNU C compiler
configure:2665: gcc -c   conftest.c >&5
configure:2671: $? = 0
configure:2675: test -z 
			 || test ! -s conftest.err
configure:2678: $? = 0
configure:2681: test -s conftest.o
configure:2684: $? = 0
configure:2697: result: yes
configure:2703: checking whether gcc accepts -g
configure:2724: gcc -c -g  conftest.c >&5
configure:2730: $? = 0
configure:2734: test -z 
			 || test ! -s conftest.err
configure:2737: $? = 0
configure:2740: test -s conftest.o
configure:2743: $? = 0
configure:2754: result: yes
configure:2771: checking for gcc option to accept ANSI C
configure:2841: gcc  -c -g -O2  conftest.c >&5
configure:2847: $? = 0
configure:2851: test -z 
			 || test ! -s conftest.err
configure:2854: $? = 0
configure:2857: test -s conftest.o
configure:2860: $? = 0
configure:2878: result: none needed
configure:2896: gcc -c -g -O2  conftest.c >&5
conftest.c:2: error: parse error before "me"
configure:2902: $? = 1
configure: failed program was:
| #ifndef __cplusplus
|   choke me
| #endif
configure:3037: checking dependency style of gcc
configure:3127: result: gcc3
configure:3166: checking for ld used by GCC
configure:3229: result: /usr/bin/ld
configure:3238: checking if the linker (/usr/bin/ld) is GNU ld
GNU ld version 2.14.90.0.7 20031029
configure:3250: result: yes
configure:3255: checking for /usr/bin/ld option to reload object files
configure:3262: result: -r
configure:3267: checking for BSD-compatible nm
configure:3303: result: /usr/bin/nm -B
configure:3306: checking for a sed that does not truncate output
configure:3388: result: /bin/sed
configure:3391: checking whether ln -s works
configure:3395: result: yes
configure:3402: checking how to recognise dependent libraries
configure:3583: result: pass_all
configure:3596: checking command to parse /usr/bin/nm -B output
configure:3680: gcc -c -g -O2  conftest.c >&5
configure:3683: $? = 0
configure:3687: /usr/bin/nm -B conftest.o \| sed -n -e 's/^.*[ 	]\([ABCDGISTW][ABCDGISTW]*\)[ 	][ 	]*\(\)\([_A-Za-z][_A-Za-z0-9]*\)$/\1 \2\3 \3/p' \> conftest.nm
configure:3690: $? = 0
configure:3742: gcc -o conftest -g -O2   conftest.c conftstm.o >&5
configure:3745: $? = 0
configure:3789: result: ok
configure:3798: checking how to run the C preprocessor
configure:3833: gcc -E  conftest.c
configure:3839: $? = 0
configure:3871: gcc -E  conftest.c
conftest.c:11:28: ac_nonexistent.h: No such file or directory
configure:3877: $? = 1
configure: failed program was:
| /* confdefs.h.  */
| 
| #define PACKAGE_NAME "libungif"
| #define PACKAGE_TARNAME "libungif"
| #define PACKAGE_VERSION "4.1.3"
| #define PACKAGE_STRING "libungif 4.1.3"
| #define PACKAGE_BUGREPORT "abadger1999@sourceforge.net"
| #define PACKAGE "libungif"
| #define VERSION "4.1.3"
| /* end confdefs.h.  */
| #include <ac_nonexistent.h>
configure:3916: result: gcc -E
configure:3940: gcc -E  conftest.c
configure:3946: $? = 0
configure:3978: gcc -E  conftest.c
conftest.c:11:28: ac_nonexistent.h: No such file or directory
configure:3984: $? = 1
configure: failed program was:
| /* confdefs.h.  */
| 
| #define PACKAGE_NAME "libungif"
| #define PACKAGE_TARNAME "libungif"
| #define PACKAGE_VERSION "4.1.3"
| #define PACKAGE_STRING "libungif 4.1.3"
| #define PACKAGE_BUGREPORT "abadger1999@sourceforge.net"
| #define PACKAGE "libungif"
| #define VERSION "4.1.3"
| /* end confdefs.h.  */
| #include <ac_nonexistent.h>
configure:4028: checking for egrep
configure:4038: result: grep -E
configure:4043: checking for ANSI C header files
configure:4068: gcc -c -g -O2  conftest.c >&5
configure:4074: $? = 0
configure:4078: test -z 
			 || test ! -s conftest.err
configure:4081: $? = 0
configure:4084: test -s conftest.o
configure:4087: $? = 0
configure:4173: gcc -o conftest -g -O2   conftest.c  >&5
configure:4176: $? = 0
configure:4178: ./conftest
configure:4181: $? = 0
configure:4196: result: yes
configure:4220: checking for sys/types.h
configure:4236: gcc -c -g -O2  conftest.c >&5
configure:4242: $? = 0
configure:4246: test -z 
			 || test ! -s conftest.err
configure:4249: $? = 0
configure:4252: test -s conftest.o
configure:4255: $? = 0
configure:4266: result: yes
configure:4220: checking for sys/stat.h
configure:4236: gcc -c -g -O2  conftest.c >&5
configure:4242: $? = 0
configure:4246: test -z 
			 || test ! -s conftest.err
configure:4249: $? = 0
configure:4252: test -s conftest.o
configure:4255: $? = 0
configure:4266: result: yes
configure:4220: checking for stdlib.h
configure:4236: gcc -c -g -O2  conftest.c >&5
configure:4242: $? = 0
configure:4246: test -z 
			 || test ! -s conftest.err
configure:4249: $? = 0
configure:4252: test -s conftest.o
configure:4255: $? = 0
configure:4266: result: yes
configure:4220: checking for string.h
configure:4236: gcc -c -g -O2  conftest.c >&5
configure:4242: $? = 0
configure:4246: test -z 
			 || test ! -s conftest.err
configure:4249: $? = 0
configure:4252: test -s conftest.o
configure:4255: $? = 0
configure:4266: result: yes
configure:4220: checking for memory.h
configure:4236: gcc -c -g -O2  conftest.c >&5
configure:4242: $? = 0
configure:4246: test -z 
			 || test ! -s conftest.err
configure:4249: $? = 0
configure:4252: test -s conftest.o
configure:4255: $? = 0
configure:4266: result: yes
configure:4220: checking for strings.h
configure:4236: gcc -c -g -O2  conftest.c >&5
configure:4242: $? = 0
configure:4246: test -z 
			 || test ! -s conftest.err
configure:4249: $? = 0
configure:4252: test -s conftest.o
configure:4255: $? = 0
configure:4266: result: yes
configure:4220: checking for inttypes.h
configure:4236: gcc -c -g -O2  conftest.c >&5
configure:4242: $? = 0
configure:4246: test -z 
			 || test ! -s conftest.err
configure:4249: $? = 0
configure:4252: test -s conftest.o
configure:4255: $? = 0
configure:4266: result: yes
configure:4220: checking for stdint.h
configure:4236: gcc -c -g -O2  conftest.c >&5
configure:4242: $? = 0
configure:4246: test -z 
			 || test ! -s conftest.err
configure:4249: $? = 0
configure:4252: test -s conftest.o
configure:4255: $? = 0
configure:4266: result: yes
configure:4220: checking for unistd.h
configure:4236: gcc -c -g -O2  conftest.c >&5
configure:4242: $? = 0
configure:4246: test -z 
			 || test ! -s conftest.err
configure:4249: $? = 0
configure:4252: test -s conftest.o
configure:4255: $? = 0
configure:4266: result: yes
configure:4292: checking dlfcn.h usability
configure:4304: gcc -c -g -O2  conftest.c >&5
configure:4310: $? = 0
configure:4314: test -z 
			 || test ! -s conftest.err
configure:4317: $? = 0
configure:4320: test -s conftest.o
configure:4323: $? = 0
configure:4333: result: yes
configure:4337: checking dlfcn.h presence
configure:4347: gcc -E  conftest.c
configure:4353: $? = 0
configure:4373: result: yes
configure:4408: checking for dlfcn.h
configure:4415: result: yes
configure:4613: checking for ranlib
configure:4629: found /usr/bin/ranlib
configure:4640: result: ranlib
configure:4693: checking for strip
configure:4709: found /usr/bin/strip
configure:4720: result: strip
configure:4773: gcc -c -g -O2  conftest.c >&5
configure:4776: $? = 0
configure:4958: checking for objdir
configure:4969: result: .libs
configure:4986: checking for gcc option to produce PIC
configure:5132: result: -fPIC
configure:5136: checking if gcc PIC flag -fPIC works
configure:5159: gcc -c -g -O2 -fPIC -DPIC  conftest.c >&5
configure:5165: $? = 0
configure:5169: test -z 
			 || test ! -s conftest.err
configure:5172: $? = 0
configure:5175: test -s conftest.o
configure:5178: $? = 0
configure:5216: result: yes
configure:5232: checking if gcc static flag -static works
configure:5256: gcc -o conftest -g -O2   -static conftest.c  >&5
/usr/bin/ld: cannot find -lc
collect2: ld returned 1 exit status
configure:5262: $? = 1
configure: failed program was:
| /* confdefs.h.  */
| 
| #define PACKAGE_NAME "libungif"
| #define PACKAGE_TARNAME "libungif"
| #define PACKAGE_VERSION "4.1.3"
| #define PACKAGE_STRING "libungif 4.1.3"
| #define PACKAGE_BUGREPORT "abadger1999@sourceforge.net"
| #define PACKAGE "libungif"
| #define VERSION "4.1.3"
| #define STDC_HEADERS 1
| #define HAVE_SYS_TYPES_H 1
| #define HAVE_SYS_STAT_H 1
| #define HAVE_STDLIB_H 1
| #define HAVE_STRING_H 1
| #define HAVE_MEMORY_H 1
| #define HAVE_STRINGS_H 1
| #define HAVE_INTTYPES_H 1
| #define HAVE_STDINT_H 1
| #define HAVE_UNISTD_H 1
| #define HAVE_DLFCN_H 1
| /* end confdefs.h.  */
| 
| int
| main ()
| {
| 
|   ;
|   return 0;
| }
configure:5292: result: no
configure:5304: checking if gcc supports -c -o file.o
configure:5327: gcc -c -g -O2 -o out/conftest2.o  conftest.c >&5
configure:5348: result: yes
configure:5353: checking if gcc supports -c -o file.lo
configure:5380: gcc -c -g -O2 -c -o conftest.lo  conftest.c >&5
configure:5386: $? = 0
configure:5390: test -z 
			 || test ! -s conftest.err
configure:5393: $? = 0
configure:5396: test -s conftest.lo
configure:5399: $? = 0
configure:5421: result: yes
configure:5452: checking if gcc supports -fno-rtti -fno-exceptions
configure:5474: gcc -c -g -O2 -fno-rtti -fno-exceptions -c conftest.c  conftest.c >&5
cc1: warning: "-fno-rtti" is valid for C++ but not for C/ObjC
cc1: warning: "-fno-rtti" is valid for C++ but not for C/ObjC
configure:5480: $? = 0
configure:5484: test -z 
			 || test ! -s conftest.err
configure:5487: $? = 0
configure:5490: test -s conftest.o
configure:5493: $? = 0
configure:5510: result: no
configure:5521: checking whether the linker (/usr/bin/ld) supports shared libraries
configure:6216: result: yes
configure:6221: checking how to hardcode library paths into programs
configure:6245: result: immediate
configure:6250: checking whether stripping libraries is possible
configure:6255: result: yes
configure:6266: checking dynamic linker characteristics
configure:6680: result: GNU/Linux ld.so
configure:6685: checking if libtool supports shared libraries
configure:6687: result: yes
configure:6690: checking whether to build shared libraries
configure:6711: result: yes
configure:6714: checking whether to build static libraries
configure:6718: result: yes
configure:7468: checking whether -lc should be explicitly linked in
configure:7476: gcc -c -g -O2  conftest.c >&5
configure:7479: $? = 0
configure:7493: gcc -shared conftest.o  -v -Wl,-soname -Wl,conftest -o conftest 2\>\&1 \| grep  -lc  \>/dev/null 2\>\&1
configure:7496: $? = 0
configure:7509: result: no
configure:8128: checking for gcc
configure:8154: result: gcc
configure:8398: checking for C compiler version
configure:8401: gcc --version </dev/null >&5
gcc (GCC) 3.3.2 (Mandrake Linux 10.0 3.3.2-6mdk)
Copyright (C) 2003 Free Software Foundation, Inc.
This is free software; see the source for copying conditions.  There is NO
warranty; not even for MERCHANTABILITY or FITNESS FOR A PARTICULAR PURPOSE.

configure:8404: $? = 0
configure:8406: gcc -v </dev/null >&5
Reading specs from /usr/lib/gcc-lib/i586-mandrake-linux-gnu/3.3.2/specs
Configured with: ../configure --prefix=/usr --libdir=/usr/lib --with-slibdir=/lib --mandir=/usr/share/man --infodir=/usr/share/info --enable-shared --enable-threads=posix --disable-checking --enable-long-long --enable-__cxa_atexit --enable-clocale=gnu --enable-languages=c,c++,ada,f77,objc,java,pascal --host=i586-mandrake-linux-gnu --with-system-zlib
Thread model: posix
gcc version 3.3.2 (Mandrake Linux 10.0 3.3.2-6mdk)
configure:8409: $? = 0
configure:8411: gcc -V </dev/null >&5
gcc: `-V' option must have argument
configure:8414: $? = 1
configure:8417: checking whether we are using the GNU C compiler
configure:8473: result: yes
configure:8479: checking whether gcc accepts -g
configure:8530: result: yes
configure:8547: checking for gcc option to accept ANSI C
configure:8654: result: none needed
configure:8672: gcc -c -g -O2  conftest.c >&5
conftest.c:2: error: parse error before "me"
configure:8678: $? = 1
configure: failed program was:
| #ifndef __cplusplus
|   choke me
| #endif
configure:8813: checking dependency style of gcc
configure:8903: result: gcc3
configure:8925: checking how to run the C preprocessor
configure:9043: result: gcc -E
configure:9067: gcc -E  conftest.c
configure:9073: $? = 0
configure:9105: gcc -E  conftest.c
conftest.c:22:28: ac_nonexistent.h: No such file or directory
configure:9111: $? = 1
configure: failed program was:
| /* confdefs.h.  */
| 
| #define PACKAGE_NAME "libungif"
| #define PACKAGE_TARNAME "libungif"
| #define PACKAGE_VERSION "4.1.3"
| #define PACKAGE_STRING "libungif 4.1.3"
| #define PACKAGE_BUGREPORT "abadger1999@sourceforge.net"
| #define PACKAGE "libungif"
| #define VERSION "4.1.3"
| #define STDC_HEADERS 1
| #define HAVE_SYS_TYPES_H 1
| #define HAVE_SYS_STAT_H 1
| #define HAVE_STDLIB_H 1
| #define HAVE_STRING_H 1
| #define HAVE_MEMORY_H 1
| #define HAVE_STRINGS_H 1
| #define HAVE_INTTYPES_H 1
| #define HAVE_STDINT_H 1
| #define HAVE_UNISTD_H 1
| #define HAVE_DLFCN_H 1
| /* end confdefs.h.  */
| #include <ac_nonexistent.h>
configure:9167: checking for a BSD-compatible install
configure:9222: result: /usr/bin/install -c
configure:9233: checking whether ln -s works
configure:9237: result: yes
configure:9244: checking whether make sets $(MAKE)
configure:9264: result: yes
configure:9314: checking for ranlib
configure:9341: result: ranlib
configure:9354: checking for X
configure:9584: result: libraries /usr/X11R6/lib, headers /usr/X11R6/include
configure:9756: gcc -o conftest -g -O2   conftest.c   -L/usr/X11R6/lib -lX11 >&5
configure:9762: $? = 0
configure:9766: test -z 
			 || test ! -s conftest.err
configure:9769: $? = 0
configure:9772: test -s conftest
configure:9775: $? = 0
configure:9933: checking for gethostbyname
configure:9990: gcc -o conftest -g -O2   conftest.c  >&5
configure:9996: $? = 0
configure:10000: test -z 
			 || test ! -s conftest.err
configure:10003: $? = 0
configure:10006: test -s conftest
configure:10009: $? = 0
configure:10021: result: yes
configure:10172: checking for connect
configure:10229: gcc -o conftest -g -O2   conftest.c  >&5
configure:10235: $? = 0
configure:10239: test -z 
			 || test ! -s conftest.err
configure:10242: $? = 0
configure:10245: test -s conftest
configure:10248: $? = 0
configure:10260: result: yes
configure:10335: checking for remove
configure:10392: gcc -o conftest -g -O2   conftest.c  >&5
configure:10398: $? = 0
configure:10402: test -z 
			 || test ! -s conftest.err
configure:10405: $? = 0
configure:10408: test -s conftest
configure:10411: $? = 0
configure:10423: result: yes
configure:10498: checking for shmat
configure:10555: gcc -o conftest -g -O2   conftest.c  >&5
configure:10561: $? = 0
configure:10565: test -z 
			 || test ! -s conftest.err
configure:10568: $? = 0
configure:10571: test -s conftest
configure:10574: $? = 0
configure:10586: result: yes
configure:10670: checking for IceConnectionNumber in -lICE
configure:10700: gcc -o conftest -g -O2   -L/usr/X11R6/lib conftest.c -lICE   >&5
configure:10706: $? = 0
configure:10710: test -z 
			 || test ! -s conftest.err
configure:10713: $? = 0
configure:10716: test -s conftest
configure:10719: $? = 0
configure:10732: result: yes
configure:10744: checking for pow in -lm
configure:10774: gcc -o conftest -g -O2   conftest.c -lm   >&5
configure:10780: $? = 0
configure:10784: test -z 
			 || test ! -s conftest.err
configure:10787: $? = 0
configure:10790: test -s conftest
configure:10793: $? = 0
configure:10806: result: yes
configure:10815: checking for rle_hdr_init in -lrle
configure:10845: gcc -o conftest -g -O2   conftest.c -lrle -lm   >&5
/usr/bin/ld: cannot find -lrle
collect2: ld returned 1 exit status
configure:10851: $? = 1
configure: failed program was:
| /* confdefs.h.  */
| 
| #define PACKAGE_NAME "libungif"
| #define PACKAGE_TARNAME "libungif"
| #define PACKAGE_VERSION "4.1.3"
| #define PACKAGE_STRING "libungif 4.1.3"
| #define PACKAGE_BUGREPORT "abadger1999@sourceforge.net"
| #define PACKAGE "libungif"
| #define VERSION "4.1.3"
| #define STDC_HEADERS 1
| #define HAVE_SYS_TYPES_H 1
| #define HAVE_SYS_STAT_H 1
| #define HAVE_STDLIB_H 1
| #define HAVE_STRING_H 1
| #define HAVE_MEMORY_H 1
| #define HAVE_STRINGS_H 1
| #define HAVE_INTTYPES_H 1
| #define HAVE_STDINT_H 1
| #define HAVE_UNISTD_H 1
| #define HAVE_DLFCN_H 1
| /* end confdefs.h.  */
| 
| /* Override any gcc2 internal prototype to avoid an error.  */
| #ifdef __cplusplus
| extern "C"
| #endif
| /* We use char because int might match the return type of a gcc2
|    builtin and then its argument prototype would still apply.  */
| char rle_hdr_init ();
| int
| main ()
| {
| rle_hdr_init ();
|   ;
|   return 0;
| }
configure:10877: result: no
configure:10886: checking for main in -lgl_s
configure:10910: gcc -o conftest -g -O2   conftest.c -lgl_s  -L/usr/X11R6/lib  >&5
/usr/bin/ld: cannot find -lgl_s
collect2: ld returned 1 exit status
configure:10916: $? = 1
configure: failed program was:
| /* confdefs.h.  */
| 
| #define PACKAGE_NAME "libungif"
| #define PACKAGE_TARNAME "libungif"
| #define PACKAGE_VERSION "4.1.3"
| #define PACKAGE_STRING "libungif 4.1.3"
| #define PACKAGE_BUGREPORT "abadger1999@sourceforge.net"
| #define PACKAGE "libungif"
| #define VERSION "4.1.3"
| #define STDC_HEADERS 1
| #define HAVE_SYS_TYPES_H 1
| #define HAVE_SYS_STAT_H 1
| #define HAVE_STDLIB_H 1
| #define HAVE_STRING_H 1
| #define HAVE_MEMORY_H 1
| #define HAVE_STRINGS_H 1
| #define HAVE_INTTYPES_H 1
| #define HAVE_STDINT_H 1
| #define HAVE_UNISTD_H 1
| #define HAVE_DLFCN_H 1
| /* end confdefs.h.  */
| 
| 
| int
| main ()
| {
| main ();
|   ;
|   return 0;
| }
configure:10942: result: no
configure:10955: checking for main in -lX11
configure:10979: gcc -o conftest -g -O2   conftest.c -lX11  -L/usr/X11R6/lib  >&5
configure:10985: $? = 0
configure:10989: test -z 
			 || test ! -s conftest.err
configure:10992: $? = 0
configure:10995: test -s conftest
configure:10998: $? = 0
configure:11011: result: yes
configure:11032: checking for ANSI C header files
configure:11185: result: yes
configure:11210: checking stdarg.h usability
configure:11222: gcc -c -g -O2  conftest.c >&5
configure:11228: $? = 0
configure:11232: test -z 
			 || test ! -s conftest.err
configure:11235: $? = 0
configure:11238: test -s conftest.o
configure:11241: $? = 0
configure:11251: result: yes
configure:11255: checking stdarg.h presence
configure:11265: gcc -E  conftest.c
configure:11271: $? = 0
configure:11291: result: yes
configure:11326: checking for stdarg.h
configure:11333: result: yes
configure:11356: checking for unistd.h
configure:11361: result: yes
configure:11515: checking fcntl.h usability
configure:11527: gcc -c -g -O2  conftest.c >&5
configure:11533: $? = 0
configure:11537: test -z 
			 || test ! -s conftest.err
configure:11540: $? = 0
configure:11543: test -s conftest.o
configure:11546: $? = 0
configure:11556: result: yes
configure:11560: checking fcntl.h presence
configure:11570: gcc -E  conftest.c
configure:11576: $? = 0
configure:11596: result: yes
configure:11631: checking for fcntl.h
configure:11638: result: yes
configure:11652: checking for an ANSI C-conforming const
configure:11719: gcc -c -g -O2  conftest.c >&5
configure:11725: $? = 0
configure:11729: test -z 
			 || test ! -s conftest.err
configure:11732: $? = 0
configure:11735: test -s conftest.o
configure:11738: $? = 0
configure:11749: result: yes
configure:11760: checking for working memcmp
configure:11808: gcc -o conftest -g -O2   conftest.c  >&5
configure:11811: $? = 0
configure:11813: ./conftest
configure:11816: $? = 0
configure:11830: result: yes
configure:11841: checking for function prototypes
configure:11844: result: yes
configure:11861: checking whether setvbuf arguments are reversed
configure:11886: gcc -o conftest -g -O2   conftest.c  >&5
conftest.c:31: error: conflicting types for `setvbuf'
/usr/include/stdio.h:302: error: previous declaration of `setvbuf'
configure:11892: $? = 1
configure: failed program was:
| /* confdefs.h.  */
| 
| #define PACKAGE_NAME "libungif"
| #define PACKAGE_TARNAME "libungif"
| #define PACKAGE_VERSION "4.1.3"
| #define PACKAGE_STRING "libungif 4.1.3"
| #define PACKAGE_BUGREPORT "abadger1999@sourceforge.net"
| #define PACKAGE "libungif"
| #define VERSION "4.1.3"
| #define STDC_HEADERS 1
| #define HAVE_SYS_TYPES_H 1
| #define HAVE_SYS_STAT_H 1
| #define HAVE_STDLIB_H 1
| #define HAVE_STRING_H 1
| #define HAVE_MEMORY_H 1
| #define HAVE_STRINGS_H 1
| #define HAVE_INTTYPES_H 1
| #define HAVE_STDINT_H 1
| #define HAVE_UNISTD_H 1
| #define HAVE_DLFCN_H 1
| #define HAVE_LIBX11 1
| #define STDC_HEADERS 1
| #define HAVE_STDARG_H 1
| #define HAVE_UNISTD_H 1
| #define HAVE_FCNTL_H 1
| #define PROTOTYPES 1
| #define __PROTOTYPES 1
| /* end confdefs.h.  */
| #include <stdio.h>
| #	  if PROTOTYPES
| 	   int (setvbuf) (FILE *, int, char *, size_t);
| #	  endif
| int
| main ()
| {
| char buf; return setvbuf (stdout, _IOLBF, &buf, 1);
|   ;
|   return 0;
| }
configure:12013: result: no
configure:12027: checking for vprintf
configure:12084: gcc -o conftest -g -O2   conftest.c  >&5
conftest.c:53: warning: conflicting types for built-in function `vprintf'
configure:12090: $? = 0
configure:12094: test -z 
			 || test ! -s conftest.err
configure:12097: $? = 0
configure:12100: test -s conftest
configure:12103: $? = 0
configure:12115: result: yes
configure:12122: checking for _doprnt
configure:12179: gcc -o conftest -g -O2   conftest.c  >&5
/home/ckult/tmp/ccM4wFEw.o(.text+0xe): In function `main':
/home/ckult/MyProjects/releases/ksquirrel-libs-0.5.0-pre4/contrib/libungif/conftest.c:70: undefined reference to `_doprnt'
/home/ckult/tmp/ccM4wFEw.o(.data+0x0):/home/ckult/MyProjects/releases/ksquirrel-libs-0.5.0-pre4/contrib/libungif/conftest.c:69: undefined reference to `_doprnt'
collect2: ld returned 1 exit status
configure:12185: $? = 1
configure: failed program was:
| /* confdefs.h.  */
| 
| #define PACKAGE_NAME "libungif"
| #define PACKAGE_TARNAME "libungif"
| #define PACKAGE_VERSION "4.1.3"
| #define PACKAGE_STRING "libungif 4.1.3"
| #define PACKAGE_BUGREPORT "abadger1999@sourceforge.net"
| #define PACKAGE "libungif"
| #define VERSION "4.1.3"
| #define STDC_HEADERS 1
| #define HAVE_SYS_TYPES_H 1
| #define HAVE_SYS_STAT_H 1
| #define HAVE_STDLIB_H 1
| #define HAVE_STRING_H 1
| #define HAVE_MEMORY_H 1
| #define HAVE_STRINGS_H 1
| #define HAVE_INTTYPES_H 1
| #define HAVE_STDINT_H 1
| #define HAVE_UNISTD_H 1
| #define HAVE_DLFCN_H 1
| #define HAVE_LIBX11 1
| #define STDC_HEADERS 1
| #define HAVE_STDARG_H 1
| #define HAVE_UNISTD_H 1
| #define HAVE_FCNTL_H 1
| #define PROTOTYPES 1
| #define __PROTOTYPES 1
| #define HAVE_VPRINTF 1
| /* end confdefs.h.  */
| /* Define _doprnt to an innocuous variant, in case <limits.h> declares _doprnt.
|    For example, HP-UX 11i <limits.h> declares gettimeofday.  */
| #define _doprnt innocuous__doprnt
| 
| /* System header to define __stub macros and hopefully few prototypes,
|     which can conflict with char _doprnt (); below.
|     Prefer <limits.h> to <assert.h> if __STDC__ is defined, since
|     <limits.h> exists even on freestanding compilers.  */
| 
| #ifdef __STDC__
| # include <limits.h>
| #else
| # include <assert.h>
| #endif
| 
| #undef _doprnt
| 
| /* Override any gcc2 internal prototype to avoid an error.  */
| #ifdef __cplusplus
| extern "C"
| {
| #endif
| /* We use char because int might match the return type of a gcc2
|    builtin and then its argument prototype would still apply.  */
| char _doprnt ();
| /* The GNU C library defines this for functions which it implements
|     to always fail with ENOSYS.  Some functions are actually named
|     something starting with __ and the normal name is an alias.  */
| #if defined (__stub__doprnt) || defined (__stub____doprnt)
| choke me
| #else
| char (*f) () = _doprnt;
| #endif
| #ifdef __cplusplus
| }
| #endif
| 
| int
| main ()
| {
| return f != _doprnt;
|   ;
|   return 0;
| }
configure:12210: result: no
configure:12228: checking for strdup
configure:12285: gcc -o conftest -g -O2   conftest.c  >&5
configure:12291: $? = 0
configure:12295: test -z 
			 || test ! -s conftest.err
configure:12298: $? = 0
configure:12301: test -s conftest
configure:12304: $? = 0
configure:12316: result: yes
configure:12448: creating ./config.status

## ---------------------- ##
## Running config.status. ##
## ---------------------- ##

This file was extended by libungif config.status 4.1.3, which was
generated by GNU Autoconf 2.59.  Invocation command line was

  CONFIG_FILES    = 
  CONFIG_HEADERS  = 
  CONFIG_LINKS    = 
  CONFIG_COMMANDS = 
  $ ./config.status 

on localhost

config.status:711: creating lib/Makefile
config.status:711: creating Makefile
config.status:815: creating config.h
config.status:941: config.h is unchanged
config.status:1121: executing depfiles commands

## ---------------- ##
## Cache variables. ##
## ---------------- ##

ac_cv_build=i686-redhat-linux-gnu
ac_cv_build_alias=i686-redhat-linux-gnu
ac_cv_c_compiler_gnu=yes
ac_cv_c_const=yes
ac_cv_env_CC_set=
ac_cv_env_CC_value=
ac_cv_env_CFLAGS_set=
ac_cv_env_CFLAGS_value=
ac_cv_env_CPPFLAGS_set=
ac_cv_env_CPPFLAGS_value=
ac_cv_env_CPP_set=
ac_cv_env_CPP_value=
ac_cv_env_LDFLAGS_set=
ac_cv_env_LDFLAGS_value=
ac_cv_env_build_alias_set=
ac_cv_env_build_alias_value=
ac_cv_env_host_alias_set=
ac_cv_env_host_alias_value=
ac_cv_env_target_alias_set=
ac_cv_env_target_alias_value=
ac_cv_exeext=
ac_cv_func__doprnt=no
ac_cv_func_connect=yes
ac_cv_func_gethostbyname=yes
ac_cv_func_memcmp_working=yes
ac_cv_func_remove=yes
ac_cv_func_setvbuf_reversed=no
ac_cv_func_shmat=yes
ac_cv_func_strdup=yes
ac_cv_func_vprintf=yes
ac_cv_have_x='have_x=yes 		ac_x_includes=/usr/X11R6/include ac_x_libraries=/usr/X11R6/lib'
ac_cv_header_dlfcn_h=yes
ac_cv_header_fcntl_h=yes
ac_cv_header_inttypes_h=yes
ac_cv_header_memory_h=yes
ac_cv_header_stdarg_h=yes
ac_cv_header_stdc=yes
ac_cv_header_stdint_h=yes
ac_cv_header_stdlib_h=yes
ac_cv_header_string_h=yes
ac_cv_header_strings_h=yes
ac_cv_header_sys_stat_h=yes
ac_cv_header_sys_types_h=yes
ac_cv_header_unistd_h=yes
ac_cv_host=i686-redhat-linux-gnu
ac_cv_host_alias=i686-redhat-linux-gnu
ac_cv_lib_ICE_IceConnectionNumber=yes
ac_cv_lib_X11_main=yes
ac_cv_lib_gl_s_main=no
ac_cv_lib_m_pow=yes
ac_cv_lib_rle_rle_hdr_init=no
ac_cv_objext=o
ac_cv_path_install='/usr/bin/install -c'
ac_cv_prog_AWK=gawk
ac_cv_prog_CPP='gcc -E'
ac_cv_prog_ac_ct_CC=gcc
ac_cv_prog_ac_ct_RANLIB=ranlib
ac_cv_prog_ac_ct_STRIP=strip
ac_cv_prog_cc_g=yes
ac_cv_prog_cc_stdc=
ac_cv_prog_egrep='grep -E'
ac_cv_prog_make_make_set=yes
am_cv_CC_dependencies_compiler_type=gcc3
lt_cv_archive_cmds_need_lc=no
lt_cv_cc_64bit_output=no
lt_cv_compiler_c_o=yes
lt_cv_compiler_o_lo=yes
lt_cv_deplibs_check_method=pass_all
lt_cv_file_magic_cmd='$MAGIC_CMD'
lt_cv_file_magic_test_file='/lib/libc.so.6 /lib/libc-2.3.3.so'
lt_cv_global_symbol_to_c_name_address='sed -n -e '\''s/^: \([^ ]*\) $/  {\"\1\", (lt_ptr) 0},/p'\'' -e '\''s/^[BCDEGRST] \([^ ]*\) \([^ ]*\)$/  {"\2", (lt_ptr) \&\2},/p'\'''
lt_cv_global_symbol_to_cdecl='sed -n -e '\''s/^. .* \(.*\)$/extern char \1;/p'\'''
lt_cv_ld_reload_flag=-r
lt_cv_path_LD=/usr/bin/ld
lt_cv_path_NM='/usr/bin/nm -B'
lt_cv_path_SED=/bin/sed
lt_cv_prog_cc_can_build_shared=yes
lt_cv_prog_cc_no_builtin=
lt_cv_prog_cc_pic=' -fPIC'
lt_cv_prog_cc_pic_works=yes
lt_cv_prog_cc_shlib=
lt_cv_prog_cc_static=
lt_cv_prog_cc_static_works=no
lt_cv_prog_cc_wl=-Wl,
lt_cv_prog_gnu_ld=yes
lt_cv_sys_global_symbol_pipe='sed -n -e '\''s/^.*[ 	]\([ABCDGISTW][ABCDGISTW]*\)[ 	][ 	]*\(\)\([_A-Za-z][_A-Za-z0-9]*\)$/\1 \2\3 \3/p'\'''

## ----------------- ##
## Output variables. ##
## ----------------- ##

ACLOCAL='${SHELL} /home/ckult/MyProjects/releases/ksquirrel-libs-0.5.0-pre4/contrib/libungif/missing --run aclocal-1.8'
AMDEPBACKSLASH='\'
AMDEP_FALSE='#'
AMDEP_TRUE=''
AMTAR='${SHELL} /home/ckult/MyProjects/releases/ksquirrel-libs-0.5.0-pre4/contrib/libungif/missing --run tar'
AUTOCONF='${SHELL} /home/ckult/MyProjects/releases/ksquirrel-libs-0.5.0-pre4/contrib/libungif/missing --run autoconf'
AUTOHEADER='${SHELL} /home/ckult/MyProjects/releases/ksquirrel-libs-0.5.0-pre4/contrib/libungif/missing --run autoheader'
AUTOMAKE='${SHELL} /home/ckult/MyProjects/releases/ksquirrel-libs-0.5.0-pre4/contrib/libungif/missing --run automake-1.8'
AWK='gawk'
CC='gcc'
CCDEPMODE='depmode=gcc3'
CFLAGS='-g -O2'
COMPILABLE_EXTRAS=' gifclrmp gifrotat gif2x11'
CPP='gcc -E'
CPPFLAGS=''
CYGPATH_W='echo'
DEFS='-DHAVE_CONFIG_H'
DEPDIR='.deps'
DEVS='   -lSM -lICE  -L/usr/X11R6/lib  -lX11'
ECHO='echo'
ECHO_C=''
ECHO_N='-n'
ECHO_T=''
EGREP='grep -E'
EXEEXT=''
GL_S_LIB=''
INSTALL_DATA='${INSTALL} -m 644'
INSTALL_PROGRAM='${INSTALL}'
INSTALL_SCRIPT='${INSTALL}'
INSTALL_STRIP_PROGRAM='${SHELL} $(install_sh) -c -s'
LDFLAGS=''
LIBOBJS=''
LIBS=''
LIBTOOL='$(SHELL) $(top_builddir)/libtool'
LN_S='ln -s'
LTLIBOBJS=''
MAKEINFO='${SHELL} /home/ckult/MyProjects/releases/ksquirrel-libs-0.5.0-pre4/contrib/libungif/missing --run makeinfo'
MATH_LIB=' -lm'
OBJEXT='o'
PACKAGE='libungif'
PACKAGE_BUGREPORT='abadger1999@sourceforge.net'
PACKAGE_NAME='libungif'
PACKAGE_STRING='libungif 4.1.3'
PACKAGE_TARNAME='libungif'
PACKAGE_VERSION='4.1.3'
PATH_SEPARATOR=':'
RANLIB='ranlib'
RLE_LIB=''
SET_MAKE=''
SHELL='/bin/sh'
STRIP='strip'
VERSION='4.1.3'
X11_LIB='  -lSM -lICE  -L/usr/X11R6/lib  -lX11'
X_CFLAGS=' -I/usr/X11R6/include'
X_EXTRA_LIBS=''
X_LIBS=' -L/usr/X11R6/lib'
X_PRE_LIBS=' -lSM -lICE'
ac_ct_CC='gcc'
ac_ct_RANLIB='ranlib'
ac_ct_STRIP='strip'
am__fastdepCC_FALSE='#'
am__fastdepCC_TRUE=''
am__include='include'
am__leading_dot='.'
am__quote=''
bindir='${exec_prefix}/bin'
build='i686-redhat-linux-gnu'
build_alias=''
build_cpu='i686'
build_os='linux-gnu'
build_vendor='redhat'
datadir='${prefix}/share'
exec_prefix='${prefix}'
host='i686-redhat-linux-gnu'
host_alias=''
host_cpu='i686'
host_os='linux-gnu'
host_vendor='redhat'
includedir='${prefix}/include'
infodir='${prefix}/info'
install_sh='/home/ckult/MyProjects/releases/ksquirrel-libs-0.5.0-pre4/contrib/libungif/install-sh'
libdir='/usr/lib/squirrel/'
libexecdir='${exec_prefix}/libexec'
localstatedir='${prefix}/var'
mandir='${prefix}/man'
mkdir_p='mkdir -p -- .'
oldincludedir='/usr/include'
prefix='/usr/local'
program_transform_name='s,x,x,'
sbindir='${exec_prefix}/sbin'
sharedstatedir='${prefix}/com'
sysconfdir='${prefix}/etc'
target_alias=''

## ----------- ##
## confdefs.h. ##
## ----------- ##

#define HAVE_DLFCN_H 1
#define HAVE_FCNTL_H 1
#define HAVE_INTTYPES_H 1
#define HAVE_LIBX11 1
#define HAVE_MEMORY_H 1
#define HAVE_STDARG_H 1
#define HAVE_STDINT_H 1
#define HAVE_STDLIB_H 1
#define HAVE_STRDUP 1
#define HAVE_STRINGS_H 1
#define HAVE_STRING_H 1
#define HAVE_SYS_STAT_H 1
#define HAVE_SYS_TYPES_H 1
#define HAVE_UNISTD_H 1
#define HAVE_UNISTD_H 1
#define HAVE_VPRINTF 1
#define PACKAGE "libungif"
#define PACKAGE_BUGREPORT "abadger1999@sourceforge.net"
#define PACKAGE_NAME "libungif"
#define PACKAGE_STRING "libungif 4.1.3"
#define PACKAGE_TARNAME "libungif"
#define PACKAGE_VERSION "4.1.3"
#define PROTOTYPES 1
#define STDC_HEADERS 1
#define STDC_HEADERS 1
#define VERSION "4.1.3"
#define __PROTOTYPES 1

configure: exit 0
