This file contains any messages produced by compilers while
running configure, to aid debugging if configure makes a mistake.

It was created by libwmf configure 0.2.8, which was
generated by GNU Autoconf 2.57.  Invocation command line was

  $ ./configure --prefix=/usr/local --libdir=/usr/lib/ksquirrel-libs --cache-file=/dev/null --srcdir=.

## --------- ##
## Platform. ##
## --------- ##

hostname = localhost
uname -m = i686
uname -r = 2.6.3-7mdk
uname -s = Linux
uname -v = #1 Wed Mar 17 15:56:42 CET 2004

/usr/bin/uname -p = unknown
/bin/uname -X     = unknown

/bin/arch              = i686
/usr/bin/arch -k       = unknown
/usr/convex/getsysinfo = unknown
hostinfo               = unknown
/bin/machine           = unknown
/usr/bin/oslevel       = unknown
/bin/universe          = unknown

PATH: /usr/bin
PATH: /bin
PATH: /usr/bin
PATH: /usr/local/bin
PATH: /usr/X11R6/bin/
PATH: /usr/games
PATH: /home/ckult/bin
PATH: /opt/j2sdk1.4.1_05/bin


## ----------- ##
## Core tests. ##
## ----------- ##

configure:1591: checking for a BSD-compatible install
configure:1645: result: /usr/bin/install -c
configure:1656: checking whether build environment is sane
configure:1699: result: yes
configure:1732: checking for gawk
configure:1748: found /usr/bin/gawk
configure:1758: result: gawk
configure:1768: checking whether make sets $(MAKE)
configure:1788: result: yes
configure:2017: checking build system type
configure:2035: result: i686-pc-linux-gnu
configure:2043: checking host system type
configure:2057: result: i686-pc-linux-gnu
configure:2080: checking for Win32
configure:2092: result: no
configure:2102: checking for gawk
configure:2128: result: gawk
configure:2184: checking for gcc
configure:2200: found /usr/bin/gcc
configure:2210: result: gcc
configure:2454: checking for C compiler version
configure:2457: gcc --version </dev/null >&5
gcc (GCC) 3.3.2 (Mandrake Linux 10.0 3.3.2-6mdk)
Copyright (C) 2003 Free Software Foundation, Inc.
This is free software; see the source for copying conditions.  There is NO
warranty; not even for MERCHANTABILITY or FITNESS FOR A PARTICULAR PURPOSE.

configure:2460: $? = 0
configure:2462: gcc -v </dev/null >&5
Reading specs from /usr/lib/gcc-lib/i586-mandrake-linux-gnu/3.3.2/specs
Configured with: ../configure --prefix=/usr --libdir=/usr/lib --with-slibdir=/lib --mandir=/usr/share/man --infodir=/usr/share/info --enable-shared --enable-threads=posix --disable-checking --enable-long-long --enable-__cxa_atexit --enable-clocale=gnu --enable-languages=c,c++,ada,f77,objc,java,pascal --host=i586-mandrake-linux-gnu --with-system-zlib
Thread model: posix
gcc version 3.3.2 (Mandrake Linux 10.0 3.3.2-6mdk)
configure:2465: $? = 0
configure:2467: gcc -V </dev/null >&5
gcc: `-V' option must have argument
configure:2470: $? = 1
configure:2494: checking for C compiler default output
configure:2497: gcc    conftest.c  >&5
configure:2500: $? = 0
configure:2546: result: a.out
configure:2551: checking whether the C compiler works
configure:2557: ./a.out
configure:2560: $? = 0
configure:2577: result: yes
configure:2584: checking whether we are cross compiling
configure:2586: result: no
configure:2589: checking for suffix of executables
configure:2591: gcc -o conftest    conftest.c  >&5
configure:2594: $? = 0
configure:2619: result: 
configure:2625: checking for suffix of object files
configure:2647: gcc -c   conftest.c >&5
configure:2650: $? = 0
configure:2672: result: o
configure:2676: checking whether we are using the GNU C compiler
configure:2701: gcc -c   conftest.c >&5
configure:2704: $? = 0
configure:2707: test -s conftest.o
configure:2710: $? = 0
configure:2723: result: yes
configure:2729: checking whether gcc accepts -g
configure:2751: gcc -c -g  conftest.c >&5
configure:2754: $? = 0
configure:2757: test -s conftest.o
configure:2760: $? = 0
configure:2771: result: yes
configure:2788: checking for gcc option to accept ANSI C
configure:2849: gcc  -c -g -O2  conftest.c >&5
configure:2852: $? = 0
configure:2855: test -s conftest.o
configure:2858: $? = 0
configure:2876: result: none needed
configure:2894: gcc -c -g -O2  conftest.c >&5
conftest.c:2: error: parse error before "me"
configure:2897: $? = 1
configure: failed program was:
| #ifndef __cplusplus
|   choke me
| #endif
configure:3025: checking for style of include used by make
configure:3053: result: GNU
configure:3081: checking dependency style of gcc
configure:3143: result: gcc3
configure:3153: checking how to run the C preprocessor
configure:3189: gcc -E  conftest.c
configure:3195: $? = 0
configure:3227: gcc -E  conftest.c
configure:3226:28: ac_nonexistent.h: No such file or directory
configure:3233: $? = 1
configure: failed program was:
| #line 3218 "configure"
| /* confdefs.h.  */
| 
| #define PACKAGE_NAME "libwmf"
| #define PACKAGE_TARNAME "libwmf"
| #define PACKAGE_VERSION "0.2.8"
| #define PACKAGE_STRING "libwmf 0.2.8"
| #define PACKAGE_BUGREPORT "wvware-devel@sourceforge.net"
| /* end confdefs.h.  */
| #include <ac_nonexistent.h>
configure:3271: result: gcc -E
configure:3296: gcc -E  conftest.c
configure:3302: $? = 0
configure:3334: gcc -E  conftest.c
configure:3333:28: ac_nonexistent.h: No such file or directory
configure:3340: $? = 1
configure: failed program was:
| #line 3325 "configure"
| /* confdefs.h.  */
| 
| #define PACKAGE_NAME "libwmf"
| #define PACKAGE_TARNAME "libwmf"
| #define PACKAGE_VERSION "0.2.8"
| #define PACKAGE_STRING "libwmf 0.2.8"
| #define PACKAGE_BUGREPORT "wvware-devel@sourceforge.net"
| /* end confdefs.h.  */
| #include <ac_nonexistent.h>
configure:3394: checking for a BSD-compatible install
configure:3448: result: /usr/bin/install -c
configure:3459: checking whether ln -s works
configure:3463: result: yes
configure:3470: checking whether make sets $(MAKE)
configure:3490: result: yes
configure:3540: checking for ranlib
configure:3556: found /usr/bin/ranlib
configure:3567: result: ranlib
configure:3655: checking for a sed that does not truncate output
configure:3709: result: /bin/sed
configure:3712: checking for egrep
configure:3722: result: grep -E
configure:3738: checking for ld used by gcc
configure:3805: result: /usr/bin/ld
configure:3814: checking if the linker (/usr/bin/ld) is GNU ld
configure:3829: result: yes
configure:3834: checking for /usr/bin/ld option to reload object files
configure:3841: result: -r
configure:3850: checking for BSD-compatible nm
configure:3892: result: /usr/bin/nm -B
configure:3896: checking how to recognise dependent libraries
configure:4096: result: pass_all
configure:4536: checking for ANSI C header files
configure:4562: gcc -c -g -O2  conftest.c >&5
configure:4565: $? = 0
configure:4568: test -s conftest.o
configure:4571: $? = 0
configure:4660: gcc -o conftest -g -O2   conftest.c  >&5
configure:4663: $? = 0
configure:4665: ./conftest
configure:4668: $? = 0
configure:4683: result: yes
configure:4707: checking for sys/types.h
configure:4724: gcc -c -g -O2  conftest.c >&5
configure:4727: $? = 0
configure:4730: test -s conftest.o
configure:4733: $? = 0
configure:4744: result: yes
configure:4707: checking for sys/stat.h
configure:4724: gcc -c -g -O2  conftest.c >&5
configure:4727: $? = 0
configure:4730: test -s conftest.o
configure:4733: $? = 0
configure:4744: result: yes
configure:4707: checking for stdlib.h
configure:4724: gcc -c -g -O2  conftest.c >&5
configure:4727: $? = 0
configure:4730: test -s conftest.o
configure:4733: $? = 0
configure:4744: result: yes
configure:4707: checking for string.h
configure:4724: gcc -c -g -O2  conftest.c >&5
configure:4727: $? = 0
configure:4730: test -s conftest.o
configure:4733: $? = 0
configure:4744: result: yes
configure:4707: checking for memory.h
configure:4724: gcc -c -g -O2  conftest.c >&5
configure:4727: $? = 0
configure:4730: test -s conftest.o
configure:4733: $? = 0
configure:4744: result: yes
configure:4707: checking for strings.h
configure:4724: gcc -c -g -O2  conftest.c >&5
configure:4727: $? = 0
configure:4730: test -s conftest.o
configure:4733: $? = 0
configure:4744: result: yes
configure:4707: checking for inttypes.h
configure:4724: gcc -c -g -O2  conftest.c >&5
configure:4727: $? = 0
configure:4730: test -s conftest.o
configure:4733: $? = 0
configure:4744: result: yes
configure:4707: checking for stdint.h
configure:4724: gcc -c -g -O2  conftest.c >&5
configure:4727: $? = 0
configure:4730: test -s conftest.o
configure:4733: $? = 0
configure:4744: result: yes
configure:4707: checking for unistd.h
configure:4724: gcc -c -g -O2  conftest.c >&5
configure:4727: $? = 0
configure:4730: test -s conftest.o
configure:4733: $? = 0
configure:4744: result: yes
configure:4770: checking dlfcn.h usability
configure:4783: gcc -c -g -O2  conftest.c >&5
configure:4786: $? = 0
configure:4789: test -s conftest.o
configure:4792: $? = 0
configure:4802: result: yes
configure:4806: checking dlfcn.h presence
configure:4817: gcc -E  conftest.c
configure:4823: $? = 0
configure:4842: result: yes
configure:4878: checking for dlfcn.h
configure:4885: result: yes
configure:4950: checking for g++
configure:4966: found /usr/bin/g++
configure:4976: result: g++
configure:4992: checking for C++ compiler version
configure:4995: g++ --version </dev/null >&5
g++ (GCC) 3.3.2 (Mandrake Linux 10.0 3.3.2-6mdk)
Copyright (C) 2003 Free Software Foundation, Inc.
This is free software; see the source for copying conditions.  There is NO
warranty; not even for MERCHANTABILITY or FITNESS FOR A PARTICULAR PURPOSE.

configure:4998: $? = 0
configure:5000: g++ -v </dev/null >&5
Reading specs from /usr/lib/gcc-lib/i586-mandrake-linux-gnu/3.3.2/specs
Configured with: ../configure --prefix=/usr --libdir=/usr/lib --with-slibdir=/lib --mandir=/usr/share/man --infodir=/usr/share/info --enable-shared --enable-threads=posix --disable-checking --enable-long-long --enable-__cxa_atexit --enable-clocale=gnu --enable-languages=c,c++,ada,f77,objc,java,pascal --host=i586-mandrake-linux-gnu --with-system-zlib
Thread model: posix
gcc version 3.3.2 (Mandrake Linux 10.0 3.3.2-6mdk)
configure:5003: $? = 0
configure:5005: g++ -V </dev/null >&5
g++: `-V' option must have argument
configure:5008: $? = 1
configure:5011: checking whether we are using the GNU C++ compiler
configure:5036: g++ -c   conftest.cc >&5
configure:5039: $? = 0
configure:5042: test -s conftest.o
configure:5045: $? = 0
configure:5058: result: yes
configure:5064: checking whether g++ accepts -g
configure:5086: g++ -c -g  conftest.cc >&5
configure:5089: $? = 0
configure:5092: test -s conftest.o
configure:5095: $? = 0
configure:5106: result: yes
configure:5150: g++ -c -g -O2  conftest.cc >&5
configure:5153: $? = 0
configure:5156: test -s conftest.o
configure:5159: $? = 0
configure:5186: g++ -c -g -O2  conftest.cc >&5
configure: In function `int main()':
configure:5192: error: `exit' undeclared (first use this function)
configure:5192: error: (Each undeclared identifier is reported only once for each function it appears in.)
configure:5189: $? = 1
configure: failed program was:
| #line 5169 "configure"
| /* confdefs.h.  */
| 
| #define PACKAGE_NAME "libwmf"
| #define PACKAGE_TARNAME "libwmf"
| #define PACKAGE_VERSION "0.2.8"
| #define PACKAGE_STRING "libwmf 0.2.8"
| #define PACKAGE_BUGREPORT "wvware-devel@sourceforge.net"
| #define STDC_HEADERS 1
| #define HAVE_SYS_TYPES_H 1
| #define HAVE_SYS_STAT_H 1
| #define HAVE_STDLIB_H 1
| #define HAVE_STRING_H 1
| #define HAVE_MEMORY_H 1
| #define HAVE_STRINGS_H 1
| #define HAVE_INTTYPES_H 1
| #define HAVE_STDINT_H 1
| #define HAVE_UNISTD_H 1
| #define HAVE_DLFCN_H 1
| /* end confdefs.h.  */
| 
| int
| main ()
| {
| exit (42);
|   ;
|   return 0;
| }
configure:5150: g++ -c -g -O2  conftest.cc >&5
configure:5153: $? = 0
configure:5156: test -s conftest.o
configure:5159: $? = 0
configure:5186: g++ -c -g -O2  conftest.cc >&5
configure:5189: $? = 0
configure:5192: test -s conftest.o
configure:5195: $? = 0
configure:5220: checking dependency style of g++
configure:5282: result: gcc3
configure:5292: checking how to run the C++ preprocessor
configure:5324: g++ -E  conftest.cc
configure:5330: $? = 0
configure:5362: g++ -E  conftest.cc
configure:5375:28: ac_nonexistent.h: No such file or directory
configure:5368: $? = 1
configure: failed program was:
| #line 5353 "configure"
| /* confdefs.h.  */
| 
| #define PACKAGE_NAME "libwmf"
| #define PACKAGE_TARNAME "libwmf"
| #define PACKAGE_VERSION "0.2.8"
| #define PACKAGE_STRING "libwmf 0.2.8"
| #define PACKAGE_BUGREPORT "wvware-devel@sourceforge.net"
| #define STDC_HEADERS 1
| #define HAVE_SYS_TYPES_H 1
| #define HAVE_SYS_STAT_H 1
| #define HAVE_STDLIB_H 1
| #define HAVE_STRING_H 1
| #define HAVE_MEMORY_H 1
| #define HAVE_STRINGS_H 1
| #define HAVE_INTTYPES_H 1
| #define HAVE_STDINT_H 1
| #define HAVE_UNISTD_H 1
| #define HAVE_DLFCN_H 1
| #ifdef __cplusplus
| #include <stdlib.h>
| #endif
| /* end confdefs.h.  */
| #include <ac_nonexistent.h>
configure:5406: result: g++ -E
configure:5431: g++ -E  conftest.cc
configure:5437: $? = 0
configure:5469: g++ -E  conftest.cc
configure:5482:28: ac_nonexistent.h: No such file or directory
configure:5475: $? = 1
configure: failed program was:
| #line 5460 "configure"
| /* confdefs.h.  */
| 
| #define PACKAGE_NAME "libwmf"
| #define PACKAGE_TARNAME "libwmf"
| #define PACKAGE_VERSION "0.2.8"
| #define PACKAGE_STRING "libwmf 0.2.8"
| #define PACKAGE_BUGREPORT "wvware-devel@sourceforge.net"
| #define STDC_HEADERS 1
| #define HAVE_SYS_TYPES_H 1
| #define HAVE_SYS_STAT_H 1
| #define HAVE_STDLIB_H 1
| #define HAVE_STRING_H 1
| #define HAVE_MEMORY_H 1
| #define HAVE_STRINGS_H 1
| #define HAVE_INTTYPES_H 1
| #define HAVE_STDINT_H 1
| #define HAVE_UNISTD_H 1
| #define HAVE_DLFCN_H 1
| #ifdef __cplusplus
| #include <stdlib.h>
| #endif
| /* end confdefs.h.  */
| #include <ac_nonexistent.h>
configure:5569: checking for g77
configure:5598: result: no
configure:5569: checking for f77
configure:5598: result: no
configure:5569: checking for xlf
configure:5598: result: no
configure:5569: checking for frt
configure:5598: result: no
configure:5569: checking for pgf77
configure:5598: result: no
configure:5569: checking for fl32
configure:5598: result: no
configure:5569: checking for af77
configure:5598: result: no
configure:5569: checking for fort77
configure:5598: result: no
configure:5569: checking for f90
configure:5598: result: no
configure:5569: checking for xlf90
configure:5598: result: no
configure:5569: checking for pgf90
configure:5598: result: no
configure:5569: checking for epcf90
configure:5598: result: no
configure:5569: checking for f95
configure:5598: result: no
configure:5569: checking for fort
configure:5598: result: no
configure:5569: checking for xlf95
configure:5598: result: no
configure:5569: checking for lf95
configure:5598: result: no
configure:5569: checking for g95
configure:5598: result: no
configure:5613: checking for Fortran 77 compiler version
configure:5613:  --version </dev/null >&5
./configure: line 1: --version: command not found
configure:5616: $? = 127
configure:5618:  -v </dev/null >&5
./configure: line 1: -v: command not found
configure:5621: $? = 127
configure:5623:  -V </dev/null >&5
./configure: line 1: -V: command not found
configure:5626: $? = 127
configure:5633: checking whether we are using the GNU Fortran 77 compiler
configure:5647:  -c  conftest.F >&5
./configure: line 1: -c: command not found
configure:5650: $? = 127
configure: failed program was:
|       program main
| #ifndef __GNUC__
|        choke me
| #endif
| 
|       end
configure:5669: result: no
configure:5676: checking whether  accepts -g
configure:5688:  -c -g conftest.f >&5
./configure: line 1: -c: command not found
configure:5691: $? = 127
configure: failed program was:
|       program main
| 
|       end
configure:5709: result: no
configure:5737: checking the maximum length of command line arguments
configure:5796: result: 32768
configure:5807: checking command to parse /usr/bin/nm -B output from gcc object
configure:5896: gcc -c -g -O2  conftest.c >&5
configure:5899: $? = 0
configure:5903: /usr/bin/nm -B conftest.o \| sed -n -e 's/^.*[ 	]\([ABCDGISTW][ABCDGISTW]*\)[ 	][ 	]*\(\)\([_A-Za-z][_A-Za-z0-9]*\)$/\1 \2\3 \3/p' \> conftest.nm
configure:5906: $? = 0
configure:5958: gcc -o conftest -g -O2   conftest.c conftstm.o >&5
configure:5961: $? = 0
configure:5999: result: ok
configure:6003: checking for objdir
configure:6018: result: .libs
configure:6111: checking for ar
configure:6127: found /usr/bin/ar
configure:6138: result: ar
configure:6191: checking for ranlib
configure:6218: result: ranlib
configure:6271: checking for strip
configure:6287: found /usr/bin/strip
configure:6298: result: strip
configure:6560: checking if gcc static flag  works
configure:6583: result: yes
configure:6600: checking if gcc supports -fno-rtti -fno-exceptions
configure:6621: gcc -c -g -O2  -fno-rtti -fno-exceptions conftest.c >&5
cc1: warning: "-fno-rtti" is valid for C++ but not for C/ObjC
configure:6625: $? = 0
configure:6633: result: no
configure:6648: checking for gcc option to produce PIC
configure:6825: result: -fPIC
configure:6832: checking if gcc PIC flag -fPIC works
configure:6853: gcc -c -g -O2  -fPIC -DPIC conftest.c >&5
configure:6857: $? = 0
configure:6865: result: yes
configure:6889: checking if gcc supports -c -o file.o
configure:6920: gcc -c -g -O2  -o out/conftest2.o conftest.c >&5
configure:6924: $? = 0
configure:6938: result: yes
configure:6964: checking whether the gcc linker (/usr/bin/ld) supports shared libraries
configure:7772: result: yes
configure:7843: checking how to hardcode library paths into programs
configure:7868: result: immediate
configure:7882: checking whether stripping libraries is possible
configure:7887: result: yes
configure:7909: checking dynamic linker characteristics
configure:8420: result: GNU/Linux ld.so
configure:9146: checking if libtool supports shared libraries
configure:9148: result: yes
configure:9151: checking whether to build shared libraries
configure:9214: result: yes
configure:9217: checking whether to build static libraries
configure:9221: result: yes
configure:9312: creating libtool
configure:9859: checking for ld used by g++
configure:9926: result: /usr/bin/ld
configure:9935: checking if the linker (/usr/bin/ld) is GNU ld
configure:9950: result: yes
configure:10001: checking whether the g++ linker (/usr/bin/ld) supports shared libraries
configure:10810: result: yes
configure:10828: g++ -c -g -O2  conftest.cc >&5
configure:10831: $? = 0
configure:10927: checking for g++ option to produce PIC
configure:11179: result: -fPIC
configure:11186: checking if g++ PIC flag -fPIC works
configure:11207: g++ -c -g -O2  -fPIC -DPIC conftest.cc >&5
configure:11211: $? = 0
configure:11219: result: yes
configure:11243: checking if g++ supports -c -o file.o
configure:11274: g++ -c -g -O2  -o out/conftest2.o conftest.cc >&5
configure:11278: $? = 0
configure:11292: result: yes
configure:11318: checking whether the g++ linker (/usr/bin/ld) supports shared libraries
configure:11343: result: yes
configure:11414: checking how to hardcode library paths into programs
configure:11439: result: immediate
configure:11453: checking whether stripping libraries is possible
configure:11458: result: yes
configure:11480: checking dynamic linker characteristics
configure:11991: result: GNU/Linux ld.so
configure:18898: checking for ANSI C header files
configure:19045: result: yes
configure:19069: checking time.h usability
configure:19082: gcc -c -g -O2  conftest.c >&5
configure:19085: $? = 0
configure:19088: test -s conftest.o
configure:19091: $? = 0
configure:19101: result: yes
configure:19105: checking time.h presence
configure:19116: gcc -E  conftest.c
configure:19122: $? = 0
configure:19141: result: yes
configure:19177: checking for time.h
configure:19184: result: yes
configure:19198: checking for unistd.h
configure:19203: result: yes
configure:19339: checking for an ANSI C-conforming const
configure:19407: gcc -c -g -O2  conftest.c >&5
configure:19410: $? = 0
configure:19413: test -s conftest.o
configure:19416: $? = 0
configure:19427: result: yes
configure:19438: checking for off_t
configure:19463: gcc -c -g -O2  conftest.c >&5
configure:19466: $? = 0
configure:19469: test -s conftest.o
configure:19472: $? = 0
configure:19483: result: yes
configure:19495: checking for size_t
configure:19520: gcc -c -g -O2  conftest.c >&5
configure:19523: $? = 0
configure:19526: test -s conftest.o
configure:19529: $? = 0
configure:19540: result: yes
configure:19557: checking for strstr
configure:19607: gcc -o conftest -g -O2   conftest.c  >&5
configure:19603: warning: conflicting types for built-in function `strstr'
configure:19610: $? = 0
configure:19613: test -s conftest
configure:19616: $? = 0
configure:19627: result: yes
configure:19649: checking for printf
configure:19699: gcc -o conftest -g -O2   conftest.c  >&5
configure:19696: warning: conflicting types for built-in function `printf'
configure:19702: $? = 0
configure:19705: test -s conftest
configure:19708: $? = 0
configure:19719: result: yes
configure:19649: checking for fprintf
configure:19699: gcc -o conftest -g -O2   conftest.c  >&5
configure:19697: warning: conflicting types for built-in function `fprintf'
configure:19702: $? = 0
configure:19705: test -s conftest
configure:19708: $? = 0
configure:19719: result: yes
configure:19649: checking for vfprintf
configure:19699: gcc -o conftest -g -O2   conftest.c  >&5
configure:19702: $? = 0
configure:19705: test -s conftest
configure:19708: $? = 0
configure:19719: result: yes
configure:19649: checking for sprintf
configure:19699: gcc -o conftest -g -O2   conftest.c  >&5
configure:19699: warning: conflicting types for built-in function `sprintf'
configure:19702: $? = 0
configure:19705: test -s conftest
configure:19708: $? = 0
configure:19719: result: yes
configure:19736: checking for vprintf
configure:19786: gcc -o conftest -g -O2   conftest.c  >&5
configure:19787: warning: conflicting types for built-in function `vprintf'
configure:19789: $? = 0
configure:19792: test -s conftest
configure:19795: $? = 0
configure:19806: result: yes
configure:19736: checking for vsprintf
configure:19786: gcc -o conftest -g -O2   conftest.c  >&5
configure:19788: warning: conflicting types for built-in function `vsprintf'
configure:19789: $? = 0
configure:19792: test -s conftest
configure:19795: $? = 0
configure:19806: result: yes
configure:19820: checking for sscanf
configure:19870: gcc -o conftest -g -O2   conftest.c  >&5
configure:19873: warning: conflicting types for built-in function `sscanf'
configure:19873: $? = 0
configure:19876: test -s conftest
configure:19879: $? = 0
configure:19890: result: yes
configure:19909: checking for scanf
configure:19959: gcc -o conftest -g -O2   conftest.c  >&5
configure:19963: warning: conflicting types for built-in function `scanf'
configure:19962: $? = 0
configure:19965: test -s conftest
configure:19968: $? = 0
configure:19979: result: yes
configure:19909: checking for vscanf
configure:19959: gcc -o conftest -g -O2   conftest.c  >&5
configure:19964: warning: conflicting types for built-in function `vscanf'
configure:19962: $? = 0
configure:19965: test -s conftest
configure:19968: $? = 0
configure:19979: result: yes
configure:19909: checking for fscanf
configure:19959: gcc -o conftest -g -O2   conftest.c  >&5
configure:19962: $? = 0
configure:19965: test -s conftest
configure:19968: $? = 0
configure:19979: result: yes
configure:19909: checking for vsscanf
configure:19959: gcc -o conftest -g -O2   conftest.c  >&5
configure:19966: warning: conflicting types for built-in function `vsscanf'
configure:19962: $? = 0
configure:19965: test -s conftest
configure:19968: $? = 0
configure:19979: result: yes
configure:19994: checking for vsnprintf
configure:20044: gcc -o conftest -g -O2   conftest.c  >&5
configure:20052: warning: conflicting types for built-in function `vsnprintf'
configure:20047: $? = 0
configure:20050: test -s conftest
configure:20053: $? = 0
configure:20064: result: yes
configure:20241: checking for snprintf
configure:20291: gcc -o conftest -g -O2   conftest.c  >&5
configure:20300: warning: conflicting types for built-in function `snprintf'
configure:20294: $? = 0
configure:20297: test -s conftest
configure:20300: $? = 0
configure:20311: result: yes
configure:20418: checking for vfscanf
configure:20468: gcc -o conftest -g -O2   conftest.c  >&5
configure:20471: $? = 0
configure:20474: test -s conftest
configure:20477: $? = 0
configure:20488: result: yes
configure:20618: checking for X
configure:20838: result: libraries /usr/X11R6/lib, headers /usr/X11R6/include
configure:20991: gcc -o conftest -g -O2   conftest.c   -L/usr/X11R6/lib -lX11 >&5
configure:20994: $? = 0
configure:20997: test -s conftest
configure:21000: $? = 0
configure:21137: checking for gethostbyname
configure:21187: gcc -o conftest -g -O2   conftest.c  >&5
configure:21190: $? = 0
configure:21193: test -s conftest
configure:21196: $? = 0
configure:21207: result: yes
configure:21338: checking for connect
configure:21388: gcc -o conftest -g -O2   conftest.c  >&5
configure:21391: $? = 0
configure:21394: test -s conftest
configure:21397: $? = 0
configure:21408: result: yes
configure:21473: checking for remove
configure:21523: gcc -o conftest -g -O2   conftest.c  >&5
configure:21526: $? = 0
configure:21529: test -s conftest
configure:21532: $? = 0
configure:21543: result: yes
configure:21608: checking for shmat
configure:21658: gcc -o conftest -g -O2   conftest.c  >&5
configure:21661: $? = 0
configure:21664: test -s conftest
configure:21667: $? = 0
configure:21678: result: yes
configure:21752: checking for IceConnectionNumber in -lICE
configure:21783: gcc -o conftest -g -O2   -L/usr/X11R6/lib conftest.c -lICE   >&5
configure:21786: $? = 0
configure:21789: test -s conftest
configure:21792: $? = 0
configure:21804: result: yes
configure:21923: checking expat.h usability
configure:21936: gcc -c -g -O2  conftest.c >&5
configure:21939: $? = 0
configure:21942: test -s conftest.o
configure:21945: $? = 0
configure:21955: result: yes
configure:21959: checking expat.h presence
configure:21970: gcc -E  conftest.c
configure:21976: $? = 0
configure:21995: result: yes
configure:22031: checking for expat.h
configure:22038: result: yes
configure:22044: checking for XML_ParserFree in -lexpat
configure:22075: gcc -o conftest -g -O2   conftest.c -lexpat   >&5
configure:22078: $? = 0
configure:22081: test -s conftest
configure:22084: $? = 0
configure:22096: result: yes
configure:22311: checking for freetype-config
configure:22329: found /usr/bin/freetype-config
configure:22341: result: /usr/bin/freetype-config
configure:22371: checking for FT_Init_FreeType in -lfreetype
configure:22402: gcc -o conftest -g -O2 -I/usr/include/freetype2   -lfreetype -lz conftest.c -lfreetype   >&5
configure:22405: $? = 0
configure:22408: test -s conftest
configure:22411: $? = 0
configure:22423: result: yes
configure:22446: checking ft2build.h usability
configure:22459: gcc -c -g -O2 -I/usr/include/freetype2  conftest.c >&5
configure:22462: $? = 0
configure:22465: test -s conftest.o
configure:22468: $? = 0
configure:22478: result: yes
configure:22482: checking ft2build.h presence
configure:22493: gcc -E -I/usr/include/freetype2  conftest.c
configure:22499: $? = 0
configure:22518: result: yes
configure:22554: checking for ft2build.h
configure:22561: result: yes
configure:22624: checking zlib.h usability
configure:22637: gcc -c -g -O2  conftest.c >&5
configure:22640: $? = 0
configure:22643: test -s conftest.o
configure:22646: $? = 0
configure:22656: result: yes
configure:22660: checking zlib.h presence
configure:22671: gcc -E  conftest.c
configure:22677: $? = 0
configure:22696: result: yes
configure:22732: checking for zlib.h
configure:22739: result: yes
configure:22745: checking for gzputs in -lz
configure:22776: gcc -o conftest -g -O2   conftest.c -lz   >&5
configure:22779: $? = 0
configure:22782: test -s conftest
configure:22785: $? = 0
configure:22797: result: yes
configure:22939: checking png.h usability
configure:22952: gcc -c -g -O2   conftest.c >&5
configure:22955: $? = 0
configure:22958: test -s conftest.o
configure:22961: $? = 0
configure:22971: result: yes
configure:22975: checking png.h presence
configure:22986: gcc -E   conftest.c
configure:22992: $? = 0
configure:23011: result: yes
configure:23047: checking for png.h
configure:23054: result: yes
configure:23060: checking for png_write_image in -lpng
configure:23091: gcc -o conftest -g -O2    conftest.c -lpng -lz -lm  >&5
configure:23094: $? = 0
configure:23097: test -s conftest
configure:23100: $? = 0
configure:23112: result: yes
configure:23195: checking jpeglib.h usability
configure:23208: gcc -c -g -O2  conftest.c >&5
configure:23211: $? = 0
configure:23214: test -s conftest.o
configure:23217: $? = 0
configure:23227: result: yes
configure:23231: checking jpeglib.h presence
configure:23242: gcc -E  conftest.c
configure:23248: $? = 0
configure:23267: result: yes
configure:23303: checking for jpeglib.h
configure:23310: result: yes
configure:23316: checking for jpeg_CreateCompress in -ljpeg
configure:23347: gcc -o conftest -g -O2   conftest.c -ljpeg   >&5
configure:23350: $? = 0
configure:23353: test -s conftest
configure:23356: $? = 0
configure:23368: result: yes
configure:23451: checking for main in -lXpm
configure:23476: gcc -o conftest -g -O2   -I/usr/X11R6/include   -L/usr/X11R6/lib  -lSM -lICE -lX11  conftest.c -lXpm   >&5
configure:23479: $? = 0
configure:23482: test -s conftest
configure:23485: $? = 0
configure:23497: result: yes
configure:23528: checking gd.h usability
configure:23541: gcc -c -g -O2   -I/usr/X11R6/include  -I/usr/include/freetype2   conftest.c >&5
configure:23608:16: gd.h: No such file or directory
configure:23544: $? = 1
configure: failed program was:
| #line 23530 "configure"
| /* confdefs.h.  */
| 
| #define PACKAGE_NAME "libwmf"
| #define PACKAGE_TARNAME "libwmf"
| #define PACKAGE_VERSION "0.2.8"
| #define PACKAGE_STRING "libwmf 0.2.8"
| #define PACKAGE_BUGREPORT "wvware-devel@sourceforge.net"
| #define STDC_HEADERS 1
| #define HAVE_SYS_TYPES_H 1
| #define HAVE_SYS_STAT_H 1
| #define HAVE_STDLIB_H 1
| #define HAVE_STRING_H 1
| #define HAVE_MEMORY_H 1
| #define HAVE_STRINGS_H 1
| #define HAVE_INTTYPES_H 1
| #define HAVE_STDINT_H 1
| #define HAVE_UNISTD_H 1
| #define HAVE_DLFCN_H 1
| #ifdef __cplusplus
| #include <stdlib.h>
| #endif
| #define STDC_HEADERS 1
| #define HAVE_TIME_H 1
| #define HAVE_UNISTD_H 1
| #define HAVE_STRSTR 1
| #define HAVE_PRINTF 1
| #define HAVE_FPRINTF 1
| #define HAVE_VFPRINTF 1
| #define HAVE_SPRINTF 1
| #define HAVE_VPRINTF 1
| #define HAVE_VSPRINTF 1
| #define HAVE_SSCANF 1
| #define HAVE_SCANF 1
| #define HAVE_VSCANF 1
| #define HAVE_FSCANF 1
| #define HAVE_VSSCANF 1
| #define HAVE_VSNPRINTF 1
| #define HAVE_SNPRINTF 1
| #define HAVE_VFSCANF 1
| #define TRIO_REPLACE_STDIO 1
| #define HAVE_EXPAT 1
| #define HAVE_LIBPNG 1
| #define HAVE_LIBJPEG 1
| /* end confdefs.h.  */
| #include <stdio.h>
| #if HAVE_SYS_TYPES_H
| # include <sys/types.h>
| #endif
| #if HAVE_SYS_STAT_H
| # include <sys/stat.h>
| #endif
| #if STDC_HEADERS
| # include <stdlib.h>
| # include <stddef.h>
| #else
| # if HAVE_STDLIB_H
| #  include <stdlib.h>
| # endif
| #endif
| #if HAVE_STRING_H
| # if !STDC_HEADERS && HAVE_MEMORY_H
| #  include <memory.h>
| # endif
| # include <string.h>
| #endif
| #if HAVE_STRINGS_H
| # include <strings.h>
| #endif
| #if HAVE_INTTYPES_H
| # include <inttypes.h>
| #else
| # if HAVE_STDINT_H
| #  include <stdint.h>
| # endif
| #endif
| #if HAVE_UNISTD_H
| # include <unistd.h>
| #endif
| #include <gd.h>
configure:23560: result: no
configure:23564: checking gd.h presence
configure:23575: gcc -E   -I/usr/X11R6/include  -I/usr/include/freetype2   conftest.c
configure:23610:16: gd.h: No such file or directory
configure:23581: $? = 1
configure: failed program was:
| #line 23566 "configure"
| /* confdefs.h.  */
| 
| #define PACKAGE_NAME "libwmf"
| #define PACKAGE_TARNAME "libwmf"
| #define PACKAGE_VERSION "0.2.8"
| #define PACKAGE_STRING "libwmf 0.2.8"
| #define PACKAGE_BUGREPORT "wvware-devel@sourceforge.net"
| #define STDC_HEADERS 1
| #define HAVE_SYS_TYPES_H 1
| #define HAVE_SYS_STAT_H 1
| #define HAVE_STDLIB_H 1
| #define HAVE_STRING_H 1
| #define HAVE_MEMORY_H 1
| #define HAVE_STRINGS_H 1
| #define HAVE_INTTYPES_H 1
| #define HAVE_STDINT_H 1
| #define HAVE_UNISTD_H 1
| #define HAVE_DLFCN_H 1
| #ifdef __cplusplus
| #include <stdlib.h>
| #endif
| #define STDC_HEADERS 1
| #define HAVE_TIME_H 1
| #define HAVE_UNISTD_H 1
| #define HAVE_STRSTR 1
| #define HAVE_PRINTF 1
| #define HAVE_FPRINTF 1
| #define HAVE_VFPRINTF 1
| #define HAVE_SPRINTF 1
| #define HAVE_VPRINTF 1
| #define HAVE_VSPRINTF 1
| #define HAVE_SSCANF 1
| #define HAVE_SCANF 1
| #define HAVE_VSCANF 1
| #define HAVE_FSCANF 1
| #define HAVE_VSSCANF 1
| #define HAVE_VSNPRINTF 1
| #define HAVE_SNPRINTF 1
| #define HAVE_VFSCANF 1
| #define TRIO_REPLACE_STDIO 1
| #define HAVE_EXPAT 1
| #define HAVE_LIBPNG 1
| #define HAVE_LIBJPEG 1
| /* end confdefs.h.  */
| #include <gd.h>
configure:23600: result: no
configure:23636: checking for gd.h
configure:23643: result: no
configure:24462: checking for pkg-config
configure:24480: found /usr/bin/pkg-config
configure:24493: result: /usr/bin/pkg-config
configure:24510: checking for gdk-pixbuf-2.0 >= 2.1.2
configure:24514: result: yes
configure:24518: checking GDK_PIXBUF_CFLAGS
configure:24521: result: -I/usr/include/gtk-2.0 -I/usr/include/glib-2.0 -I/usr/lib/glib-2.0/include  
configure:24524: checking GDK_PIXBUF_LIBS
configure:24527: result: -Wl,--export-dynamic -lgdk_pixbuf-2.0 -lm -lgobject-2.0 -lgmodule-2.0 -ldl -lglib-2.0  
configure:24884: creating ./config.status

## ---------------------- ##
## Running config.status. ##
## ---------------------- ##

This file was extended by libwmf config.status 0.2.8, which was
generated by GNU Autoconf 2.57.  Invocation command line was

  CONFIG_FILES    = 
  CONFIG_HEADERS  = 
  CONFIG_LINKS    = 
  CONFIG_COMMANDS = 
  $ ./config.status 

on localhost

config.status:745: creating Makefile
config.status:745: creating doc/Makefile
config.status:745: creating doc/caolan/Makefile
config.status:745: creating doc/caolan/pics/Makefile
config.status:745: creating doc/html/Makefile
config.status:745: creating fonts/Makefile
config.status:745: creating fonts/libwmf-fontmap
config.status:745: creating fonts/fontmap
config.status:745: creating include/Makefile
config.status:745: creating include/libwmf/Makefile
config.status:745: creating src/Makefile
config.status:745: creating src/extra/Makefile
config.status:745: creating src/extra/trio/Makefile
config.status:745: creating src/extra/gd/Makefile
config.status:745: creating src/ipa/Makefile
config.status:745: creating src/convert/Makefile
config.status:745: creating libwmf-config
config.status:745: creating libwmf.spec
config.status:849: creating wmfconfig.h
config.status:1016: wmfconfig.h is unchanged
config.status:1122: executing depfiles commands

## ---------------- ##
## Cache variables. ##
## ---------------- ##

ac_cv_build=i686-pc-linux-gnu
ac_cv_build_alias=i686-pc-linux-gnu
ac_cv_c_compiler_gnu=yes
ac_cv_c_const=yes
ac_cv_cxx_compiler_gnu=yes
ac_cv_env_CC_set=
ac_cv_env_CC_value=
ac_cv_env_CFLAGS_set=
ac_cv_env_CFLAGS_value=
ac_cv_env_CPPFLAGS_set=
ac_cv_env_CPPFLAGS_value=
ac_cv_env_CPP_set=
ac_cv_env_CPP_value=
ac_cv_env_CXXCPP_set=
ac_cv_env_CXXCPP_value=
ac_cv_env_CXXFLAGS_set=
ac_cv_env_CXXFLAGS_value=
ac_cv_env_CXX_set=
ac_cv_env_CXX_value=
ac_cv_env_F77_set=
ac_cv_env_F77_value=
ac_cv_env_FFLAGS_set=
ac_cv_env_FFLAGS_value=
ac_cv_env_LDFLAGS_set=
ac_cv_env_LDFLAGS_value=
ac_cv_env_build_alias_set=
ac_cv_env_build_alias_value=
ac_cv_env_host_alias_set=
ac_cv_env_host_alias_value=
ac_cv_env_target_alias_set=
ac_cv_env_target_alias_value=
ac_cv_exeext=
ac_cv_f77_compiler_gnu=no
ac_cv_func_connect=yes
ac_cv_func_fprintf=yes
ac_cv_func_fscanf=yes
ac_cv_func_gethostbyname=yes
ac_cv_func_printf=yes
ac_cv_func_remove=yes
ac_cv_func_scanf=yes
ac_cv_func_shmat=yes
ac_cv_func_snprintf=yes
ac_cv_func_sprintf=yes
ac_cv_func_sscanf=yes
ac_cv_func_strstr=yes
ac_cv_func_vfprintf=yes
ac_cv_func_vfscanf=yes
ac_cv_func_vprintf=yes
ac_cv_func_vscanf=yes
ac_cv_func_vsnprintf=yes
ac_cv_func_vsprintf=yes
ac_cv_func_vsscanf=yes
ac_cv_have_x='have_x=yes 		ac_x_includes=/usr/X11R6/include ac_x_libraries=/usr/X11R6/lib'
ac_cv_header_dlfcn_h=yes
ac_cv_header_expat_h=yes
ac_cv_header_ft2build_h=yes
ac_cv_header_gd_h=no
ac_cv_header_inttypes_h=yes
ac_cv_header_jpeglib_h=yes
ac_cv_header_memory_h=yes
ac_cv_header_png_h=yes
ac_cv_header_stdc=yes
ac_cv_header_stdint_h=yes
ac_cv_header_stdlib_h=yes
ac_cv_header_string_h=yes
ac_cv_header_strings_h=yes
ac_cv_header_sys_stat_h=yes
ac_cv_header_sys_types_h=yes
ac_cv_header_time_h=yes
ac_cv_header_unistd_h=yes
ac_cv_header_zlib_h=yes
ac_cv_host=i686-pc-linux-gnu
ac_cv_host_alias=i686-pc-linux-gnu
ac_cv_lib_ICE_IceConnectionNumber=yes
ac_cv_lib_Xpm_main=yes
ac_cv_lib_expat_XML_ParserFree=yes
ac_cv_lib_freetype_FT_Init_FreeType=yes
ac_cv_lib_jpeg_jpeg_CreateCompress=yes
ac_cv_lib_png_png_write_image=yes
ac_cv_lib_z_gzputs=yes
ac_cv_objext=o
ac_cv_path_FREETYPE_CONFIG=/usr/bin/freetype-config
ac_cv_path_PKG_CONFIG=/usr/bin/pkg-config
ac_cv_path_install='/usr/bin/install -c'
ac_cv_prog_AWK=gawk
ac_cv_prog_CPP='gcc -E'
ac_cv_prog_CXXCPP='g++ -E'
ac_cv_prog_ac_ct_AR=ar
ac_cv_prog_ac_ct_CC=gcc
ac_cv_prog_ac_ct_CXX=g++
ac_cv_prog_ac_ct_RANLIB=ranlib
ac_cv_prog_ac_ct_STRIP=strip
ac_cv_prog_cc_g=yes
ac_cv_prog_cc_stdc=
ac_cv_prog_cxx_g=yes
ac_cv_prog_egrep='grep -E'
ac_cv_prog_f77_g=no
ac_cv_prog_make_make_set=yes
ac_cv_type_off_t=yes
ac_cv_type_size_t=yes
am_cv_CC_dependencies_compiler_type=gcc3
am_cv_CXX_dependencies_compiler_type=gcc3
lt_cv_deplibs_check_method=pass_all
lt_cv_file_magic_cmd='$MAGIC_CMD'
lt_cv_file_magic_test_file='/lib/libc.so.6 /lib/libc-2.3.3.so'
lt_cv_ld_reload_flag=-r
lt_cv_objdir=.libs
lt_cv_path_LD=/usr/bin/ld
lt_cv_path_LDCXX=/usr/bin/ld
lt_cv_path_NM='/usr/bin/nm -B'
lt_cv_path_SED=/bin/sed
lt_cv_prog_compiler_c_o=yes
lt_cv_prog_compiler_c_o_CXX=yes
lt_cv_prog_compiler_rtti_exceptions=no
lt_cv_prog_gnu_ld=yes
lt_cv_prog_gnu_ldcxx=yes
lt_cv_sys_global_symbol_pipe='sed -n -e '\''s/^.*[ 	]\([ABCDGISTW][ABCDGISTW]*\)[ 	][ 	]*\(\)\([_A-Za-z][_A-Za-z0-9]*\)$/\1 \2\3 \3/p'\'''
lt_cv_sys_global_symbol_to_c_name_address='sed -n -e '\''s/^: \([^ ]*\) $/  {\"\1\", (lt_ptr) 0},/p'\'' -e '\''s/^[BCDEGRST] \([^ ]*\) \([^ ]*\)$/  {"\2", (lt_ptr) \&\2},/p'\'''
lt_cv_sys_global_symbol_to_cdecl='sed -n -e '\''s/^. .* \(.*\)$/extern int \1;/p'\'''
lt_cv_sys_max_cmd_len=32768
lt_lt_cv_prog_compiler_c_o='"yes"'
lt_lt_cv_prog_compiler_c_o_CXX='"yes"'
lt_lt_cv_sys_global_symbol_pipe='"sed -n -e '\''s/^.*[ 	]\\([ABCDGISTW][ABCDGISTW]*\\)[ 	][ 	]*\\(\\)\\([_A-Za-z][_A-Za-z0-9]*\\)\$/\\1 \\2\\3 \\3/p'\''"'
lt_lt_cv_sys_global_symbol_to_c_name_address='"sed -n -e '\''s/^: \\([^ ]*\\) \$/  {\\\"\\1\\\", (lt_ptr) 0},/p'\'' -e '\''s/^[BCDEGRST] \\([^ ]*\\) \\([^ ]*\\)\$/  {\"\\2\", (lt_ptr) \\&\\2},/p'\''"'
lt_lt_cv_sys_global_symbol_to_cdecl='"sed -n -e '\''s/^. .* \\(.*\\)\$/extern int \\1;/p'\''"'

## ----------------- ##
## Output variables. ##
## ----------------- ##

ACLOCAL='${SHELL} /home/ckult/tmp/ksquirrel/ksquirrel-libs-0.6.0-pre2/contrib/libwmf/missing --run aclocal-1.6'
AMDEPBACKSLASH='\'
AMDEP_FALSE='#'
AMDEP_TRUE=''
AMTAR='${SHELL} /home/ckult/tmp/ksquirrel/ksquirrel-libs-0.6.0-pre2/contrib/libwmf/missing --run tar'
AR='ar'
AS='as'
AUTOCONF='${SHELL} /home/ckult/tmp/ksquirrel/ksquirrel-libs-0.6.0-pre2/contrib/libwmf/missing --run autoconf'
AUTOHEADER='${SHELL} /home/ckult/tmp/ksquirrel/ksquirrel-libs-0.6.0-pre2/contrib/libwmf/missing --run autoheader'
AUTOMAKE='${SHELL} /home/ckult/tmp/ksquirrel/ksquirrel-libs-0.6.0-pre2/contrib/libwmf/missing --run automake-1.6'
AWK='gawk'
CC='gcc'
CCDEPMODE='depmode=gcc3'
CFLAGS='-g -O2'
CPP='gcc -E'
CPPFLAGS=''
CXX='g++'
CXXCPP='g++ -E'
CXXDEPMODE='depmode=gcc3'
CXXFLAGS='-g -O2'
DEFS='-DHAVE_CONFIG_H'
DEPDIR='.deps'
DLLTOOL='dlltool'
ECHO='echo'
ECHO_C=''
ECHO_N='-n'
ECHO_T=''
EGREP='grep -E'
EXEEXT=''
F77=''
FFLAGS=''
FREETYPE_CONFIG='/usr/bin/freetype-config'
GDK_PIXBUF_CFLAGS='-I/usr/include/gtk-2.0 -I/usr/include/glib-2.0 -I/usr/lib/glib-2.0/include  '
GDK_PIXBUF_DIR='gtk-2.0/2.2.0/loaders'
GDK_PIXBUF_LIBS='-Wl,--export-dynamic -lgdk_pixbuf-2.0 -lm -lgobject-2.0 -lgmodule-2.0 -ldl -lglib-2.0  '
GD_DEFS=' -DHAVE_UNISTD_H -DHAVE_LIBFREETYPE -DHAVE_LIBPNG -DHAVE_LIBJPEG'
INSTALL_DATA='${INSTALL} -m 644'
INSTALL_PROGRAM='${INSTALL}'
INSTALL_SCRIPT='${INSTALL}'
INSTALL_STRIP_PROGRAM='${SHELL} $(install_sh) -c -s'
LDFLAGS=''
LIBOBJS=''
LIBS=''
LIBTOOL='$(SHELL) $(top_builddir)/libtool'
LIBWMF_BUILDSTYLE='heavy'
LIBWMF_BUILD_ALL_FALSE='#'
LIBWMF_BUILD_ALL_TRUE=''
LIBWMF_GDK_PIXBUF_FALSE='#'
LIBWMF_GDK_PIXBUF_TRUE=''
LIBWMF_OPT_GD_FALSE='#'
LIBWMF_OPT_GD_TRUE=''
LIBWMF_OPT_LAYERS_FALSE='#'
LIBWMF_OPT_LAYERS_TRUE=''
LIBWMF_OPT_MODULES_FALSE=''
LIBWMF_OPT_MODULES_TRUE='#'
LIBWMF_OPT_PLOT_FALSE=''
LIBWMF_OPT_PLOT_TRUE='#'
LIBWMF_OPT_SYS_GD_FALSE=''
LIBWMF_OPT_SYS_GD_TRUE='#'
LIBWMF_OPT_TRIO_FALSE=''
LIBWMF_OPT_TRIO_TRUE='#'
LIBWMF_OPT_X_FALSE='#'
LIBWMF_OPT_X_TRUE=''
LIBWMF_PACKAGE='libwmf'
LIBWMF_RELEASE='1'
LIBWMF_VERSION='0.2.8'
LN_S='ln -s'
LTLIBOBJS=''
LT_AGE='1'
LT_CURRENT='8'
LT_LITE_AGE='0'
LT_LITE_CURRENT='7'
LT_LITE_REVISION='1'
LT_RELEASE='0.2'
LT_REVISION='0'
MAKEINFO='${SHELL} /home/ckult/tmp/ksquirrel/ksquirrel-libs-0.6.0-pre2/contrib/libwmf/missing --run makeinfo'
OBJDUMP='objdump'
OBJEXT='o'
PACKAGE='libwmf'
PACKAGE_BUGREPORT='wvware-devel@sourceforge.net'
PACKAGE_NAME='libwmf'
PACKAGE_STRING='libwmf 0.2.8'
PACKAGE_TARNAME='libwmf'
PACKAGE_VERSION='0.2.8'
PATH_SEPARATOR=':'
PKG_CONFIG='/usr/bin/pkg-config'
RANLIB='ranlib'
SET_MAKE=''
SHELL='/bin/sh'
STRIP='strip'
SYS_LIBM='-lm'
VERSION='0.2.8'
WMF_CFLAGS='-I/usr/include/freetype2  -I/usr/X11R6/include      '
WMF_CONFIG_CFLAGS='-I/usr/include/freetype2   -I/usr/X11R6/include'
WMF_DEFS=''
WMF_DOCDIR='/usr/local/share/doc/libwmf'
WMF_FONTDIR='/usr/local/share/libwmf/fonts'
WMF_GS_FONTDIR='/usr/share/fonts/default/Type1'
WMF_GS_FONTMAP='/usr/share/ghostscript/7.07/lib/Fontmap.GS'
WMF_LIBFLAGS='  -lfreetype -lz  -L/usr/X11R6/lib  -lSM -lICE -lX11  -lexpat -ljpeg -lpng -lz -lm'
WMF_SYS_FONTMAP='/usr/share/fonts/fontmap'
WMF_XTRA_FONTMAP='/usr/local/share/libwmf/fonts/fontmap'
XML2_CONFIG=''
X_CFLAGS=' -I/usr/X11R6/include'
X_EXTRA_LIBS=''
X_LIBS=' -L/usr/X11R6/lib'
X_PRE_LIBS=' -lSM -lICE'
ac_ct_AR='ar'
ac_ct_AS=''
ac_ct_CC='gcc'
ac_ct_CXX='g++'
ac_ct_DLLTOOL=''
ac_ct_F77=''
ac_ct_OBJDUMP=''
ac_ct_RANLIB='ranlib'
ac_ct_STRIP='strip'
am__include='include'
am__quote=''
bindir='${exec_prefix}/bin'
build='i686-pc-linux-gnu'
build_alias=''
build_cpu='i686'
build_os='linux-gnu'
build_vendor='pc'
datadir='${prefix}/share'
exec_prefix='${prefix}'
host='i686-pc-linux-gnu'
host_alias=''
host_cpu='i686'
host_os='linux-gnu'
host_vendor='pc'
includedir='${prefix}/include'
infodir='${prefix}/info'
install_sh='/home/ckult/tmp/ksquirrel/ksquirrel-libs-0.6.0-pre2/contrib/libwmf/install-sh'
libdir='/usr/lib/ksquirrel-libs'
libexecdir='${exec_prefix}/libexec'
localstatedir='${prefix}/var'
mandir='${prefix}/man'
oldincludedir='/usr/include'
prefix='/usr/local'
program_transform_name='s,x,x,'
sbindir='${exec_prefix}/sbin'
sharedstatedir='${prefix}/com'
sysconfdir='${prefix}/etc'
target_alias=''

## ----------- ##
## confdefs.h. ##
## ----------- ##

#define HAVE_DLFCN_H 1
#define HAVE_EXPAT 1
#define HAVE_FPRINTF 1
#define HAVE_FSCANF 1
#define HAVE_GD 1
#define HAVE_INTTYPES_H 1
#define HAVE_LIBJPEG 1
#define HAVE_LIBPNG 1
#define HAVE_MEMORY_H 1
#define HAVE_PRINTF 1
#define HAVE_SCANF 1
#define HAVE_SNPRINTF 1
#define HAVE_SPRINTF 1
#define HAVE_SSCANF 1
#define HAVE_STDINT_H 1
#define HAVE_STDLIB_H 1
#define HAVE_STRINGS_H 1
#define HAVE_STRING_H 1
#define HAVE_STRSTR 1
#define HAVE_SYS_STAT_H 1
#define HAVE_SYS_TYPES_H 1
#define HAVE_TIME_H 1
#define HAVE_UNISTD_H 1
#define HAVE_UNISTD_H 1
#define HAVE_VFPRINTF 1
#define HAVE_VFSCANF 1
#define HAVE_VPRINTF 1
#define HAVE_VSCANF 1
#define HAVE_VSNPRINTF 1
#define HAVE_VSPRINTF 1
#define HAVE_VSSCANF 1
#define PACKAGE_BUGREPORT "wvware-devel@sourceforge.net"
#define PACKAGE_NAME "libwmf"
#define PACKAGE_STRING "libwmf 0.2.8"
#define PACKAGE_TARNAME "libwmf"
#define PACKAGE_VERSION "0.2.8"
#define STDC_HEADERS 1
#define STDC_HEADERS 1
#define TRIO_REPLACE_STDIO 1
#endif
#ifdef __cplusplus
#include <stdlib.h>

configure: exit 0
